#
# There is insufficient memory for the Java Runtime Environment to continue.
# Native memory allocation (malloc) failed to allocate 1048576 bytes for AllocateHeap
# Possible reasons:
#   The system is out of physical RAM or swap space
#   The process is running with CompressedOops enabled, and the Java Heap may be blocking the growth of the native heap
# Possible solutions:
#   Reduce memory load on the system
#   Increase physical memory or swap space
#   Check if swap backing store is full
#   Decrease Java heap size (-Xmx/-Xms)
#   Decrease number of Java threads
#   Decrease Java thread stack sizes (-Xss)
#   Set larger code cache with -XX:ReservedCodeCacheSize=
#   JVM is running with Unscaled Compressed Oops mode in which the Java heap is
#     placed in the first 4GB address space. The Java Heap base address is the
#     maximum limit for the native heap growth. Please use -XX:HeapBaseMinAddress
#     to set the Java Heap base and to place the Java Heap above 4GB virtual address.
# This output file may be truncated or incomplete.
#
#  Out of Memory Error (allocation.cpp:44), pid=20936, tid=18148
#
# JRE version: Java(TM) SE Runtime Environment (19.0.2+7) (build 19.0.2+7-44)
# Java VM: Java HotSpot(TM) 64-Bit Server VM (19.0.2+7-44, mixed mode, emulated-client, sharing, tiered, compressed oops, compressed class ptrs, g1 gc, windows-amd64)
# No core dump will be written. Minidumps are not enabled by default on client versions of Windows
#

---------------  S U M M A R Y ------------

Command Line: -XX:TieredStopAtLevel=1 -Dspring.output.ansi.enabled=always -Dcom.sun.management.jmxremote -Dspring.jmx.enabled=true -Dspring.liveBeansView.mbeanDomain -Dspring.application.admin.enabled=true -Dmanagement.endpoints.jmx.exposure.include=* -javaagent:C:\Program Files\JetBrains\IntelliJ IDEA 2023.3.4\lib\idea_rt.jar=14544:C:\Program Files\JetBrains\IntelliJ IDEA 2023.3.4\bin -Dfile.encoding=UTF-8 -Dsun.stdout.encoding=UTF-8 -Dsun.stderr.encoding=UTF-8 com.isi.trombinoscope.DisponibilitesApplication

Host: 11th Gen Intel(R) Core(TM) i5-1145G7 @ 2.60GHz, 8 cores, 7G,  Windows 11 , 64 bit Build 22621 (10.0.22621.2506)
Time: Fri Mar  1 21:01:37 2024 Paris, Madrid elapsed time: 5795.376710 seconds (0d 1h 36m 35s)

---------------  T H R E A D  ---------------

Current thread (0x000002f5b5e5ea40):  VMThread "VM Thread" [stack: 0x000000f75c000000,0x000000f75c100000] [id=18148]

Stack: [0x000000f75c000000,0x000000f75c100000]
Native frames: (J=compiled Java code, j=interpreted, Vv=VM code, C=native code)
V  [jvm.dll+0x6ee21a]
V  [jvm.dll+0x85765e]
V  [jvm.dll+0x85904e]
V  [jvm.dll+0x859703]
V  [jvm.dll+0x28298f]
V  [jvm.dll+0xc406b]
V  [jvm.dll+0x347771]
V  [jvm.dll+0x3428a0]
V  [jvm.dll+0x32c504]
V  [jvm.dll+0x372a47]
V  [jvm.dll+0x85ebc3]
V  [jvm.dll+0x85f989]
V  [jvm.dll+0x85febd]
V  [jvm.dll+0x86034b]
V  [jvm.dll+0x860407]
V  [jvm.dll+0x80125a]
V  [jvm.dll+0x6ecf0b]
C  [ucrtbase.dll+0x29363]
C  [KERNEL32.DLL+0x1257d]
C  [ntdll.dll+0x5aa58]

VM_Operation (0x000000f75b8ff230): G1CollectFull, mode: safepoint, requested by thread 0x000002f5ba781a10


---------------  P R O C E S S  ---------------

Threads class SMR info:
_java_thread_list=0x000002f5bd098cf0, length=18, elements={
0x000002f5b5e771e0, 0x000002f5b5e77dd0, 0x000002f5b5e7bb90, 0x000002f5b5e7c780,
0x000002f5b5e7e860, 0x000002f5b5e81980, 0x000002f5b5e80c10, 0x000002f5b5e89080,
0x000002f5ba0ade20, 0x000002f5ba6802c0, 0x000002f5ba680800, 0x000002f5ba802f70,
0x000002f5bb2c3180, 0x000002f5bb201460, 0x000002f5bc506040, 0x000002f5bc505050,
0x000002f5ba7814c0, 0x000002f5ba781a10
}

Java Threads: ( => current thread )
  0x000002f5b5e771e0 JavaThread "Reference Handler" daemon [_thread_blocked, id=9764, stack(0x000000f75c100000,0x000000f75c200000)]
  0x000002f5b5e77dd0 JavaThread "Finalizer" daemon [_thread_blocked, id=16704, stack(0x000000f75c200000,0x000000f75c300000)]
  0x000002f5b5e7bb90 JavaThread "Signal Dispatcher" daemon [_thread_blocked, id=23124, stack(0x000000f75c300000,0x000000f75c400000)]
  0x000002f5b5e7c780 JavaThread "Attach Listener" daemon [_thread_blocked, id=20036, stack(0x000000f75c400000,0x000000f75c500000)]
  0x000002f5b5e7e860 JavaThread "Service Thread" daemon [_thread_blocked, id=9252, stack(0x000000f75c500000,0x000000f75c600000)]
  0x000002f5b5e81980 JavaThread "Monitor Deflation Thread" daemon [_thread_blocked, id=13848, stack(0x000000f75c600000,0x000000f75c700000)]
  0x000002f5b5e80c10 JavaThread "C1 CompilerThread0" daemon [_thread_blocked, id=11212, stack(0x000000f75c700000,0x000000f75c800000)]
  0x000002f5b5e89080 JavaThread "Sweeper thread" daemon [_thread_blocked, id=17072, stack(0x000000f75c800000,0x000000f75c900000)]
  0x000002f5ba0ade20 JavaThread "Common-Cleaner" daemon [_thread_blocked, id=1368, stack(0x000000f75c900000,0x000000f75ca00000)]
  0x000002f5ba6802c0 JavaThread "Monitor Ctrl-Break" daemon [_thread_in_native, id=10704, stack(0x000000f75cc00000,0x000000f75cd00000)]
  0x000002f5ba680800 JavaThread "Notification Thread" daemon [_thread_blocked, id=22900, stack(0x000000f75cd00000,0x000000f75ce00000)]
  0x000002f5ba802f70 JavaThread "RMI TCP Accept-0" daemon [_thread_in_native, id=22680, stack(0x000000f75ce00000,0x000000f75cf00000)]
  0x000002f5bb2c3180 JavaThread "RMI Scheduler(0)" daemon [_thread_blocked, id=9096, stack(0x000000f75db00000,0x000000f75dc00000)]
  0x000002f5bb201460 JavaThread "mysql-cj-abandoned-connection-cleanup" daemon [_thread_blocked, id=17636, stack(0x000000f75de00000,0x000000f75df00000)]
  0x000002f5bc506040 JavaThread "Live Reload Server" daemon [_thread_in_native, id=20336, stack(0x000000f75e600000,0x000000f75e700000)]
  0x000002f5bc505050 JavaThread "DestroyJavaVM" [_thread_blocked, id=20484, stack(0x000000f75ba00000,0x000000f75bb00000)]
  0x000002f5ba7814c0 JavaThread "File Watcher" daemon [_thread_blocked, id=17024, stack(0x000000f75b900000,0x000000f75ba00000)]
  0x000002f5ba781a10 JavaThread "Thread-19" [_thread_blocked, id=15220, stack(0x000000f75b800000,0x000000f75b900000)]

Other Threads:
=>0x000002f5b5e5ea40 VMThread "VM Thread" [stack: 0x000000f75c000000,0x000000f75c100000] [id=18148]
  0x000002f5ba8034b0 WatcherThread "VM Periodic Task Thread" [stack: 0x000000f75cf00000,0x000000f75d000000] [id=10100]
  0x000002f5a3a3f7d0 WorkerThread "GC Thread#0" [stack: 0x000000f75bb00000,0x000000f75bc00000] [id=19656]
  0x000002f5ba9a2fe0 WorkerThread "GC Thread#1" [stack: 0x000000f75d100000,0x000000f75d200000] [id=10276]
  0x000002f5ba9bf5e0 WorkerThread "GC Thread#2" [stack: 0x000000f75d200000,0x000000f75d300000] [id=18612]
  0x000002f5ba9bfcc0 WorkerThread "GC Thread#3" [stack: 0x000000f75d300000,0x000000f75d400000] [id=9832]
  0x000002f5ba9bff90 WorkerThread "GC Thread#4" [stack: 0x000000f75d400000,0x000000f75d500000] [id=7952]
  0x000002f5ba9c1ed0 WorkerThread "GC Thread#5" [stack: 0x000000f75d500000,0x000000f75d600000] [id=11304]
  0x000002f5ba9c0850 WorkerThread "GC Thread#6" [stack: 0x000000f75d600000,0x000000f75d700000] [id=1488]
  0x000002f5ba9c1660 WorkerThread "GC Thread#7" [stack: 0x000000f75d700000,0x000000f75d800000] [id=1732]
  0x000002f5a3a4ff60 ConcurrentGCThread "G1 Main Marker" [stack: 0x000000f75bc00000,0x000000f75bd00000] [id=2808]
  0x000002f5a3a52050 WorkerThread "G1 Conc#0" [stack: 0x000000f75bd00000,0x000000f75be00000] [id=22492]
  0x000002f5ba9c0df0 WorkerThread "G1 Conc#1" [stack: 0x000000f75dd00000,0x000000f75de00000] [id=20664]
  0x000002f5b5d16540 ConcurrentGCThread "G1 Refine#0" [stack: 0x000000f75be00000,0x000000f75bf00000] [id=10956]
  0x000002f5b5d18d40 ConcurrentGCThread "G1 Service" [stack: 0x000000f75bf00000,0x000000f75c000000] [id=14592]

Threads with active compile tasks:

VM state: at safepoint (normal execution)

VM Mutex/Monitor currently owned by a thread:  ([mutex/lock_event])
[0x000002f5a39dcbe0] Threads_lock - owner thread: 0x000002f5b5e5ea40
[0x000002f5a39dcc70] Heap_lock - owner thread: 0x000002f5ba781a10

Heap address: 0x0000000084400000, size: 1980 MB, Compressed Oops mode: 32-bit

CDS archive(s) mapped at: [0x0000000800000000-0x0000000800c40000-0x0000000800c40000), size 12845056, SharedBaseAddress: 0x0000000800000000, ArchiveRelocationMode: 0.
Compressed class space mapped at: 0x0000000801000000-0x0000000841000000, reserved size: 1073741824
Narrow klass base: 0x0000000800000000, Narrow klass shift: 0, Narrow klass range: 0x100000000

GC Precious Log:
 CardTable entry size: 512
 Card Set container configuration: InlinePtr #cards 5 size 8 Array Of Cards #cards 12 size 40 Howl #buckets 4 coarsen threshold 1843 Howl Bitmap #cards 512 size 80 coarsen threshold 460 Card regions per heap region 1 cards per card region 2048
 CPUs: 8 total, 8 available
 Memory: 7918M
 Large Page Support: Disabled
 NUMA Support: Disabled
 Compressed Oops: Enabled (32-bit)
 Heap Region Size: 1M
 Heap Min Capacity: 8M
 Heap Initial Capacity: 124M
 Heap Max Capacity: 1980M
 Pre-touch: Disabled
 Parallel Workers: 8
 Concurrent Workers: 2
 Concurrent Refinement Workers: 8
 Periodic GC: Disabled

Heap:
 garbage-first heap   total 159744K, used 114258K [0x0000000084400000, 0x0000000100000000)
  region size 1024K, 61 young (62464K), 1 survivors (1024K)
 Metaspace       used 74678K, committed 75392K, reserved 1114112K
  class space    used 10325K, committed 10688K, reserved 1048576K

Heap Regions: E=young(eden), S=young(survivor), O=old, HS=humongous(starts), HC=humongous(continues), CS=collection set, F=free, OA=open archive, CA=closed archive, TAMS=top-at-mark-start (previous, next)
|   0|0x0000000084400000, 0x0000000084500000, 0x0000000084500000|100%|HS|  |TAMS 0x0000000084500000, 0x0000000084400000| Complete 
|   1|0x0000000084500000, 0x00000000845ffff0, 0x0000000084600000| 99%| O|  |TAMS 0x00000000845ffff0, 0x0000000084500000| Untracked 
|   2|0x0000000084600000, 0x0000000084700000, 0x0000000084700000|100%| O|  |TAMS 0x0000000084700000, 0x0000000084600000| Untracked 
|   3|0x0000000084700000, 0x0000000084800000, 0x0000000084800000|100%| O|  |TAMS 0x0000000084800000, 0x0000000084700000| Untracked 
|   4|0x0000000084800000, 0x00000000848fffa8, 0x0000000084900000| 99%| O|  |TAMS 0x00000000848fffa8, 0x0000000084800000| Untracked 
|   5|0x0000000084900000, 0x0000000084a00000, 0x0000000084a00000|100%| O|  |TAMS 0x0000000084a00000, 0x0000000084900000| Untracked 
|   6|0x0000000084a00000, 0x0000000084affff8, 0x0000000084b00000| 99%| O|  |TAMS 0x0000000084affff8, 0x0000000084a00000| Untracked 
|   7|0x0000000084b00000, 0x0000000084bffff8, 0x0000000084c00000| 99%| O|  |TAMS 0x0000000084bffff8, 0x0000000084b00000| Untracked 
|   8|0x0000000084c00000, 0x0000000084cffff8, 0x0000000084d00000| 99%| O|  |TAMS 0x0000000084cffff8, 0x0000000084c00000| Untracked 
|   9|0x0000000084d00000, 0x0000000084dfffc0, 0x0000000084e00000| 99%| O|  |TAMS 0x0000000084dfffc0, 0x0000000084d00000| Untracked 
|  10|0x0000000084e00000, 0x0000000084effda0, 0x0000000084f00000| 99%| O|  |TAMS 0x0000000084effda0, 0x0000000084e00000| Untracked 
|  11|0x0000000084f00000, 0x0000000084fffff0, 0x0000000085000000| 99%| O|  |TAMS 0x0000000084fffff0, 0x0000000084f00000| Untracked 
|  12|0x0000000085000000, 0x00000000850f6020, 0x0000000085100000| 96%| O|  |TAMS 0x00000000850f6020, 0x0000000085000000| Untracked 
|  13|0x0000000085100000, 0x00000000851ffff8, 0x0000000085200000| 99%| O|  |TAMS 0x00000000851ffff8, 0x0000000085100000| Untracked 
|  14|0x0000000085200000, 0x00000000852fffe0, 0x0000000085300000| 99%| O|  |TAMS 0x00000000852fffe0, 0x0000000085200000| Untracked 
|  15|0x0000000085300000, 0x00000000853ffff0, 0x0000000085400000| 99%| O|  |TAMS 0x00000000853ffff0, 0x0000000085300000| Untracked 
|  16|0x0000000085400000, 0x00000000854d80a8, 0x0000000085500000| 84%| O|  |TAMS 0x00000000854d80a8, 0x0000000085400000| Untracked 
|  17|0x0000000085500000, 0x00000000855f53d8, 0x0000000085600000| 95%| O|  |TAMS 0x00000000855f53d8, 0x0000000085500000| Untracked 
|  18|0x0000000085600000, 0x00000000856fffd0, 0x0000000085700000| 99%| O|  |TAMS 0x00000000856fffd0, 0x0000000085600000| Untracked 
|  19|0x0000000085700000, 0x00000000857fffd8, 0x0000000085800000| 99%| O|  |TAMS 0x00000000857fffd8, 0x0000000085700000| Untracked 
|  20|0x0000000085800000, 0x00000000858fffe8, 0x0000000085900000| 99%| O|  |TAMS 0x00000000858fffe8, 0x0000000085800000| Untracked 
|  21|0x0000000085900000, 0x0000000085a00000, 0x0000000085a00000|100%| O|  |TAMS 0x0000000085a00000, 0x0000000085900000| Untracked 
|  22|0x0000000085a00000, 0x0000000085b00000, 0x0000000085b00000|100%| O|  |TAMS 0x0000000085b00000, 0x0000000085a00000| Untracked 
|  23|0x0000000085b00000, 0x0000000085bfffe0, 0x0000000085c00000| 99%| O|  |TAMS 0x0000000085bfffe0, 0x0000000085b00000| Untracked 
|  24|0x0000000085c00000, 0x0000000085d00000, 0x0000000085d00000|100%| O|  |TAMS 0x0000000085d00000, 0x0000000085c00000| Untracked 
|  25|0x0000000085d00000, 0x0000000085dfffc8, 0x0000000085e00000| 99%| O|  |TAMS 0x0000000085dfffc8, 0x0000000085d00000| Untracked 
|  26|0x0000000085e00000, 0x0000000085efffa8, 0x0000000085f00000| 99%| O|  |TAMS 0x0000000085efffa8, 0x0000000085e00000| Untracked 
|  27|0x0000000085f00000, 0x0000000085fffff0, 0x0000000086000000| 99%| O|  |TAMS 0x0000000085fffff0, 0x0000000085f00000| Untracked 
|  28|0x0000000086000000, 0x00000000860ffff0, 0x0000000086100000| 99%| O|  |TAMS 0x00000000860ffff0, 0x0000000086000000| Untracked 
|  29|0x0000000086100000, 0x0000000086200000, 0x0000000086200000|100%| O|  |TAMS 0x0000000086200000, 0x0000000086100000| Untracked 
|  30|0x0000000086200000, 0x00000000862ffff8, 0x0000000086300000| 99%| O|  |TAMS 0x00000000862ffff8, 0x0000000086200000| Untracked 
|  31|0x0000000086300000, 0x00000000863ffff8, 0x0000000086400000| 99%| O|  |TAMS 0x00000000863ffff8, 0x0000000086300000| Untracked 
|  32|0x0000000086400000, 0x00000000864fffe8, 0x0000000086500000| 99%| O|  |TAMS 0x00000000864fffe8, 0x0000000086400000| Untracked 
|  33|0x0000000086500000, 0x00000000865ffff8, 0x0000000086600000| 99%| O|  |TAMS 0x00000000865ffff8, 0x0000000086500000| Untracked 
|  34|0x0000000086600000, 0x0000000086700000, 0x0000000086700000|100%| O|  |TAMS 0x0000000086700000, 0x0000000086600000| Untracked 
|  35|0x0000000086700000, 0x00000000867ffce0, 0x0000000086800000| 99%| O|  |TAMS 0x00000000867ffce0, 0x0000000086700000| Untracked 
|  36|0x0000000086800000, 0x0000000086900000, 0x0000000086900000|100%| O|  |TAMS 0x0000000086900000, 0x0000000086800000| Untracked 
|  37|0x0000000086900000, 0x00000000869fffe0, 0x0000000086a00000| 99%| O|  |TAMS 0x00000000869fffe0, 0x0000000086900000| Untracked 
|  38|0x0000000086a00000, 0x0000000086b00000, 0x0000000086b00000|100%| O|  |TAMS 0x0000000086b00000, 0x0000000086a00000| Untracked 
|  39|0x0000000086b00000, 0x0000000086bcfc40, 0x0000000086c00000| 81%| O|  |TAMS 0x0000000086bcfc40, 0x0000000086b00000| Untracked 
|  40|0x0000000086c00000, 0x0000000086cfffe8, 0x0000000086d00000| 99%| O|  |TAMS 0x0000000086cfffe8, 0x0000000086c00000| Untracked 
|  41|0x0000000086d00000, 0x0000000086e00000, 0x0000000086e00000|100%| O|  |TAMS 0x0000000086d00000, 0x0000000086d00000| Untracked 
|  42|0x0000000086e00000, 0x0000000086f00000, 0x0000000086f00000|100%| O|  |TAMS 0x0000000086f00000, 0x0000000086e00000| Untracked 
|  43|0x0000000086f00000, 0x0000000086f66340, 0x0000000087000000| 39%| O|  |TAMS 0x0000000086f66340, 0x0000000086f00000| Untracked 
|  44|0x0000000087000000, 0x0000000087100000, 0x0000000087100000|100%| O|  |TAMS 0x0000000087100000, 0x0000000087000000| Untracked 
|  45|0x0000000087100000, 0x0000000087100000, 0x0000000087200000|  0%| F|  |TAMS 0x0000000087100000, 0x0000000087100000| Untracked 
|  46|0x0000000087200000, 0x0000000087300000, 0x0000000087300000|100%| O|  |TAMS 0x0000000087300000, 0x0000000087200000| Untracked 
|  47|0x0000000087300000, 0x0000000087300000, 0x0000000087400000|  0%| F|  |TAMS 0x0000000087300000, 0x0000000087300000| Untracked 
|  48|0x0000000087400000, 0x0000000087500000, 0x0000000087500000|100%| O|  |TAMS 0x0000000087500000, 0x0000000087400000| Untracked 
|  49|0x0000000087500000, 0x0000000087600000, 0x0000000087600000|100%| O|  |TAMS 0x0000000087600000, 0x0000000087500000| Untracked 
|  50|0x0000000087600000, 0x0000000087700000, 0x0000000087700000|100%| O|  |TAMS 0x0000000087700000, 0x0000000087600000| Untracked 
|  51|0x0000000087700000, 0x0000000087800000, 0x0000000087800000|100%| O|  |TAMS 0x0000000087800000, 0x0000000087700000| Untracked 
|  52|0x0000000087800000, 0x0000000087900000, 0x0000000087900000|100%| O|  |TAMS 0x0000000087900000, 0x0000000087800000| Untracked 
|  53|0x0000000087900000, 0x0000000087a00000, 0x0000000087a00000|100%| O|  |TAMS 0x0000000087a00000, 0x0000000087900000| Untracked 
|  54|0x0000000087a00000, 0x0000000087b00000, 0x0000000087b00000|100%| O|  |TAMS 0x0000000087a15200, 0x0000000087a00000| Untracked 
|  55|0x0000000087b00000, 0x0000000087b27200, 0x0000000087c00000| 15%| O|  |TAMS 0x0000000087b00000, 0x0000000087b00000| Untracked 
|  56|0x0000000087c00000, 0x0000000087c00000, 0x0000000087d00000|  0%| F|  |TAMS 0x0000000087c00000, 0x0000000087c00000| Untracked 
|  57|0x0000000087d00000, 0x0000000087d00000, 0x0000000087e00000|  0%| F|  |TAMS 0x0000000087d00000, 0x0000000087d00000| Untracked 
|  58|0x0000000087e00000, 0x0000000087e00000, 0x0000000087f00000|  0%| F|  |TAMS 0x0000000087e00000, 0x0000000087e00000| Untracked 
|  59|0x0000000087f00000, 0x0000000087f00000, 0x0000000088000000|  0%| F|  |TAMS 0x0000000087f00000, 0x0000000087f00000| Untracked 
|  60|0x0000000088000000, 0x0000000088000000, 0x0000000088100000|  0%| F|  |TAMS 0x0000000088000000, 0x0000000088000000| Untracked 
|  61|0x0000000088100000, 0x0000000088100000, 0x0000000088200000|  0%| F|  |TAMS 0x0000000088100000, 0x0000000088100000| Untracked 
|  62|0x0000000088200000, 0x0000000088200000, 0x0000000088300000|  0%| F|  |TAMS 0x0000000088200000, 0x0000000088200000| Untracked 
|  63|0x0000000088300000, 0x0000000088300000, 0x0000000088400000|  0%| F|  |TAMS 0x0000000088300000, 0x0000000088300000| Untracked 
|  64|0x0000000088400000, 0x0000000088400000, 0x0000000088500000|  0%| F|  |TAMS 0x0000000088400000, 0x0000000088400000| Untracked 
|  65|0x0000000088500000, 0x0000000088500000, 0x0000000088600000|  0%| F|  |TAMS 0x0000000088500000, 0x0000000088500000| Untracked 
|  66|0x0000000088600000, 0x0000000088600000, 0x0000000088700000|  0%| F|  |TAMS 0x0000000088600000, 0x0000000088600000| Untracked 
|  67|0x0000000088700000, 0x0000000088700000, 0x0000000088800000|  0%| F|  |TAMS 0x0000000088700000, 0x0000000088700000| Untracked 
|  68|0x0000000088800000, 0x0000000088800000, 0x0000000088900000|  0%| F|  |TAMS 0x0000000088800000, 0x0000000088800000| Untracked 
|  69|0x0000000088900000, 0x0000000088900000, 0x0000000088a00000|  0%| F|  |TAMS 0x0000000088900000, 0x0000000088900000| Untracked 
|  70|0x0000000088a00000, 0x0000000088a00000, 0x0000000088b00000|  0%| F|  |TAMS 0x0000000088a00000, 0x0000000088a00000| Untracked 
|  71|0x0000000088b00000, 0x0000000088b00000, 0x0000000088c00000|  0%| F|  |TAMS 0x0000000088b00000, 0x0000000088b00000| Untracked 
|  72|0x0000000088c00000, 0x0000000088c00000, 0x0000000088d00000|  0%| F|  |TAMS 0x0000000088c00000, 0x0000000088c00000| Untracked 
|  73|0x0000000088d00000, 0x0000000088d00000, 0x0000000088e00000|  0%| F|  |TAMS 0x0000000088d00000, 0x0000000088d00000| Untracked 
|  74|0x0000000088e00000, 0x0000000088e00000, 0x0000000088f00000|  0%| F|  |TAMS 0x0000000088e00000, 0x0000000088e00000| Untracked 
|  75|0x0000000088f00000, 0x0000000088f00000, 0x0000000089000000|  0%| F|  |TAMS 0x0000000088f00000, 0x0000000088f00000| Untracked 
|  76|0x0000000089000000, 0x0000000089000000, 0x0000000089100000|  0%| F|  |TAMS 0x0000000089000000, 0x0000000089000000| Untracked 
|  77|0x0000000089100000, 0x0000000089100000, 0x0000000089200000|  0%| F|  |TAMS 0x0000000089100000, 0x0000000089100000| Untracked 
|  78|0x0000000089200000, 0x0000000089200000, 0x0000000089300000|  0%| F|  |TAMS 0x0000000089200000, 0x0000000089200000| Untracked 
|  79|0x0000000089300000, 0x0000000089300000, 0x0000000089400000|  0%| F|  |TAMS 0x0000000089300000, 0x0000000089300000| Untracked 
|  80|0x0000000089400000, 0x0000000089400000, 0x0000000089500000|  0%| F|  |TAMS 0x0000000089400000, 0x0000000089400000| Untracked 
|  81|0x0000000089500000, 0x0000000089500000, 0x0000000089600000|  0%| F|  |TAMS 0x0000000089500000, 0x0000000089500000| Untracked 
|  82|0x0000000089600000, 0x0000000089600000, 0x0000000089700000|  0%| F|  |TAMS 0x0000000089600000, 0x0000000089600000| Untracked 
|  83|0x0000000089700000, 0x0000000089700000, 0x0000000089800000|  0%| F|  |TAMS 0x0000000089700000, 0x0000000089700000| Untracked 
|  84|0x0000000089800000, 0x0000000089800000, 0x0000000089900000|  0%| F|  |TAMS 0x0000000089800000, 0x0000000089800000| Untracked 
|  85|0x0000000089900000, 0x0000000089900000, 0x0000000089a00000|  0%| F|  |TAMS 0x0000000089900000, 0x0000000089900000| Untracked 
|  86|0x0000000089a00000, 0x0000000089a00000, 0x0000000089b00000|  0%| F|  |TAMS 0x0000000089a00000, 0x0000000089a00000| Untracked 
|  87|0x0000000089b00000, 0x0000000089b00000, 0x0000000089c00000|  0%| F|  |TAMS 0x0000000089b00000, 0x0000000089b00000| Untracked 
|  88|0x0000000089c00000, 0x0000000089c00000, 0x0000000089d00000|  0%| F|  |TAMS 0x0000000089c00000, 0x0000000089c00000| Untracked 
|  89|0x0000000089d00000, 0x0000000089d00000, 0x0000000089e00000|  0%| F|  |TAMS 0x0000000089d00000, 0x0000000089d00000| Untracked 
|  90|0x0000000089e00000, 0x0000000089e00000, 0x0000000089f00000|  0%| F|  |TAMS 0x0000000089e00000, 0x0000000089e00000| Untracked 
|  91|0x0000000089f00000, 0x0000000089f00000, 0x000000008a000000|  0%| F|  |TAMS 0x0000000089f00000, 0x0000000089f00000| Untracked 
|  92|0x000000008a000000, 0x000000008a000000, 0x000000008a100000|  0%| F|  |TAMS 0x000000008a000000, 0x000000008a000000| Untracked 
|  93|0x000000008a100000, 0x000000008a100000, 0x000000008a200000|  0%| F|  |TAMS 0x000000008a100000, 0x000000008a100000| Untracked 
|  94|0x000000008a200000, 0x000000008a200000, 0x000000008a300000|  0%| F|  |TAMS 0x000000008a200000, 0x000000008a200000| Untracked 
|  95|0x000000008a300000, 0x000000008a3e2ef8, 0x000000008a400000| 88%| E|  |TAMS 0x000000008a300000, 0x000000008a300000| Complete 
|  96|0x000000008a400000, 0x000000008a500000, 0x000000008a500000|100%| E|CS|TAMS 0x000000008a400000, 0x000000008a400000| Complete 
|  97|0x000000008a500000, 0x000000008a600000, 0x000000008a600000|100%| E|CS|TAMS 0x000000008a500000, 0x000000008a500000| Complete 
|  98|0x000000008a600000, 0x000000008a700000, 0x000000008a700000|100%| E|CS|TAMS 0x000000008a600000, 0x000000008a600000| Complete 
|  99|0x000000008a700000, 0x000000008a800000, 0x000000008a800000|100%| E|CS|TAMS 0x000000008a700000, 0x000000008a700000| Complete 
| 100|0x000000008a800000, 0x000000008a900000, 0x000000008a900000|100%| E|CS|TAMS 0x000000008a800000, 0x000000008a800000| Complete 
| 101|0x000000008a900000, 0x000000008aa00000, 0x000000008aa00000|100%| E|CS|TAMS 0x000000008a900000, 0x000000008a900000| Complete 
| 102|0x000000008aa00000, 0x000000008ab00000, 0x000000008ab00000|100%| E|CS|TAMS 0x000000008aa00000, 0x000000008aa00000| Complete 
| 103|0x000000008ab00000, 0x000000008ac00000, 0x000000008ac00000|100%| E|CS|TAMS 0x000000008ab00000, 0x000000008ab00000| Complete 
| 104|0x000000008ac00000, 0x000000008ad00000, 0x000000008ad00000|100%| E|CS|TAMS 0x000000008ac00000, 0x000000008ac00000| Complete 
| 105|0x000000008ad00000, 0x000000008ae00000, 0x000000008ae00000|100%| E|CS|TAMS 0x000000008ad00000, 0x000000008ad00000| Complete 
| 106|0x000000008ae00000, 0x000000008af00000, 0x000000008af00000|100%| E|CS|TAMS 0x000000008ae00000, 0x000000008ae00000| Complete 
| 107|0x000000008af00000, 0x000000008b000000, 0x000000008b000000|100%| E|CS|TAMS 0x000000008af00000, 0x000000008af00000| Complete 
| 108|0x000000008b000000, 0x000000008b100000, 0x000000008b100000|100%| E|CS|TAMS 0x000000008b000000, 0x000000008b000000| Complete 
| 109|0x000000008b100000, 0x000000008b200000, 0x000000008b200000|100%| E|CS|TAMS 0x000000008b100000, 0x000000008b100000| Complete 
| 110|0x000000008b200000, 0x000000008b300000, 0x000000008b300000|100%| E|CS|TAMS 0x000000008b200000, 0x000000008b200000| Complete 
| 111|0x000000008b300000, 0x000000008b400000, 0x000000008b400000|100%| E|CS|TAMS 0x000000008b300000, 0x000000008b300000| Complete 
| 112|0x000000008b400000, 0x000000008b500000, 0x000000008b500000|100%| E|CS|TAMS 0x000000008b400000, 0x000000008b400000| Complete 
| 113|0x000000008b500000, 0x000000008b600000, 0x000000008b600000|100%| E|CS|TAMS 0x000000008b500000, 0x000000008b500000| Complete 
| 114|0x000000008b600000, 0x000000008b700000, 0x000000008b700000|100%| E|CS|TAMS 0x000000008b600000, 0x000000008b600000| Complete 
| 115|0x000000008b700000, 0x000000008b800000, 0x000000008b800000|100%| E|CS|TAMS 0x000000008b700000, 0x000000008b700000| Complete 
| 116|0x000000008b800000, 0x000000008b900000, 0x000000008b900000|100%| E|CS|TAMS 0x000000008b800000, 0x000000008b800000| Complete 
| 117|0x000000008b900000, 0x000000008ba00000, 0x000000008ba00000|100%| E|CS|TAMS 0x000000008b900000, 0x000000008b900000| Complete 
| 118|0x000000008ba00000, 0x000000008bb00000, 0x000000008bb00000|100%| E|CS|TAMS 0x000000008ba00000, 0x000000008ba00000| Complete 
| 119|0x000000008bb00000, 0x000000008bc00000, 0x000000008bc00000|100%| E|CS|TAMS 0x000000008bb00000, 0x000000008bb00000| Complete 
| 120|0x000000008bc00000, 0x000000008bd00000, 0x000000008bd00000|100%| E|CS|TAMS 0x000000008bc00000, 0x000000008bc00000| Complete 
| 121|0x000000008bd00000, 0x000000008be00000, 0x000000008be00000|100%| E|CS|TAMS 0x000000008bd00000, 0x000000008bd00000| Complete 
| 122|0x000000008be00000, 0x000000008bf00000, 0x000000008bf00000|100%| E|CS|TAMS 0x000000008be00000, 0x000000008be00000| Complete 
| 123|0x000000008bf00000, 0x000000008c000000, 0x000000008c000000|100%| E|CS|TAMS 0x000000008bf00000, 0x000000008bf00000| Complete 
| 124|0x000000008c000000, 0x000000008c100000, 0x000000008c100000|100%| E|CS|TAMS 0x000000008c000000, 0x000000008c000000| Complete 
| 125|0x000000008c100000, 0x000000008c200000, 0x000000008c200000|100%| E|CS|TAMS 0x000000008c100000, 0x000000008c100000| Complete 
| 126|0x000000008c200000, 0x000000008c300000, 0x000000008c300000|100%| E|CS|TAMS 0x000000008c200000, 0x000000008c200000| Complete 
| 127|0x000000008c300000, 0x000000008c400000, 0x000000008c400000|100%| E|CS|TAMS 0x000000008c300000, 0x000000008c300000| Complete 
| 128|0x000000008c400000, 0x000000008c500000, 0x000000008c500000|100%| E|CS|TAMS 0x000000008c400000, 0x000000008c400000| Complete 
| 129|0x000000008c500000, 0x000000008c600000, 0x000000008c600000|100%| E|CS|TAMS 0x000000008c500000, 0x000000008c500000| Complete 
| 130|0x000000008c600000, 0x000000008c700000, 0x000000008c700000|100%| E|CS|TAMS 0x000000008c600000, 0x000000008c600000| Complete 
| 131|0x000000008c700000, 0x000000008c800000, 0x000000008c800000|100%| E|CS|TAMS 0x000000008c700000, 0x000000008c700000| Complete 
| 132|0x000000008c800000, 0x000000008c900000, 0x000000008c900000|100%| E|CS|TAMS 0x000000008c800000, 0x000000008c800000| Complete 
| 133|0x000000008c900000, 0x000000008ca00000, 0x000000008ca00000|100%| E|CS|TAMS 0x000000008c900000, 0x000000008c900000| Complete 
| 134|0x000000008ca00000, 0x000000008cb00000, 0x000000008cb00000|100%| E|CS|TAMS 0x000000008ca00000, 0x000000008ca00000| Complete 
| 135|0x000000008cb00000, 0x000000008cc00000, 0x000000008cc00000|100%| E|CS|TAMS 0x000000008cb00000, 0x000000008cb00000| Complete 
| 136|0x000000008cc00000, 0x000000008cd00000, 0x000000008cd00000|100%| E|CS|TAMS 0x000000008cc00000, 0x000000008cc00000| Complete 
| 137|0x000000008cd00000, 0x000000008ce00000, 0x000000008ce00000|100%| E|CS|TAMS 0x000000008cd00000, 0x000000008cd00000| Complete 
| 138|0x000000008ce00000, 0x000000008cf00000, 0x000000008cf00000|100%| E|CS|TAMS 0x000000008ce00000, 0x000000008ce00000| Complete 
| 139|0x000000008cf00000, 0x000000008d000000, 0x000000008d000000|100%| E|CS|TAMS 0x000000008cf00000, 0x000000008cf00000| Complete 
| 140|0x000000008d000000, 0x000000008d100000, 0x000000008d100000|100%| E|CS|TAMS 0x000000008d000000, 0x000000008d000000| Complete 
| 141|0x000000008d100000, 0x000000008d200000, 0x000000008d200000|100%| E|CS|TAMS 0x000000008d100000, 0x000000008d100000| Complete 
| 142|0x000000008d200000, 0x000000008d300000, 0x000000008d300000|100%| E|CS|TAMS 0x000000008d200000, 0x000000008d200000| Complete 
| 143|0x000000008d300000, 0x000000008d400000, 0x000000008d400000|100%| E|CS|TAMS 0x000000008d300000, 0x000000008d300000| Complete 
| 144|0x000000008d400000, 0x000000008d500000, 0x000000008d500000|100%| E|CS|TAMS 0x000000008d400000, 0x000000008d400000| Complete 
| 145|0x000000008d500000, 0x000000008d600000, 0x000000008d600000|100%| E|CS|TAMS 0x000000008d500000, 0x000000008d500000| Complete 
| 146|0x000000008d600000, 0x000000008d700000, 0x000000008d700000|100%| E|CS|TAMS 0x000000008d600000, 0x000000008d600000| Complete 
| 147|0x000000008d700000, 0x000000008d800000, 0x000000008d800000|100%| E|CS|TAMS 0x000000008d700000, 0x000000008d700000| Complete 
| 148|0x000000008d800000, 0x000000008d900000, 0x000000008d900000|100%| E|CS|TAMS 0x000000008d800000, 0x000000008d800000| Complete 
| 149|0x000000008d900000, 0x000000008da00000, 0x000000008da00000|100%| E|CS|TAMS 0x000000008d900000, 0x000000008d900000| Complete 
| 150|0x000000008da00000, 0x000000008db00000, 0x000000008db00000|100%| E|CS|TAMS 0x000000008da00000, 0x000000008da00000| Complete 
| 151|0x000000008db00000, 0x000000008db74aa8, 0x000000008dc00000| 45%| S|CS|TAMS 0x000000008db00000, 0x000000008db00000| Complete 
| 152|0x000000008dc00000, 0x000000008dd00000, 0x000000008dd00000|100%| E|CS|TAMS 0x000000008dc00000, 0x000000008dc00000| Complete 
| 153|0x000000008dd00000, 0x000000008de00000, 0x000000008de00000|100%| E|CS|TAMS 0x000000008dd00000, 0x000000008dd00000| Complete 
| 154|0x000000008de00000, 0x000000008df00000, 0x000000008df00000|100%| E|CS|TAMS 0x000000008de00000, 0x000000008de00000| Complete 
| 155|0x000000008df00000, 0x000000008e000000, 0x000000008e000000|100%| E|CS|TAMS 0x000000008df00000, 0x000000008df00000| Complete 

Card table byte_map: [0x000002f5aee20000,0x000002f5af200000] _byte_map_base: 0x000002f5ae9fe000

Marking Bits (Prev, Next): (CMBitMap*) 0x000002f5a3a3fd10, (CMBitMap*) 0x000002f5a3a3fd50
 Prev Bits: [0x000002f5af5e0000, 0x000002f5b14d0000)
 Next Bits: [0x000002f5b14d0000, 0x000002f5b33c0000)

Polling page: 0x000002f5a19d0000

Metaspace:

Usage:
  Non-class:     62.84 MB used.
      Class:     10.08 MB used.
       Both:     72.93 MB used.

Virtual space:
  Non-class space:       64.00 MB reserved,      63.19 MB ( 99%) committed,  1 nodes.
      Class space:        1.00 GB reserved,      10.44 MB (  1%) committed,  1 nodes.
             Both:        1.06 GB reserved,      73.62 MB (  7%) committed. 

Chunk freelists:
   Non-Class:  850.00 KB
       Class:  1.47 MB
        Both:  2.30 MB

MaxMetaspaceSize: unlimited
CompressedClassSpaceSize: 1.00 GB
Initial GC threshold: 21.00 MB
Current GC threshold: 122.75 MB
CDS: on
MetaspaceReclaimPolicy: balanced
 - commit_granule_bytes: 65536.
 - commit_granule_words: 8192.
 - virtual_space_node_default_size: 8388608.
 - enlarge_chunks_in_place: 1.
 - new_chunks_are_fully_committed: 0.
 - uncommit_free_chunks: 1.
 - use_allocation_guard: 0.


Internal statistics:

num_allocs_failed_limit: 9.
num_arena_births: 1410.
num_arena_deaths: 444.
num_vsnodes_births: 2.
num_vsnodes_deaths: 0.
num_space_committed: 1178.
num_space_uncommitted: 0.
num_chunks_returned_to_freelist: 504.
num_chunks_taken_from_freelist: 4338.
num_chunk_merges: 128.
num_chunk_splits: 2890.
num_chunks_enlarged: 2244.
num_inconsistent_stats: 0.

CodeCache: size=49152Kb used=17684Kb max_used=19336Kb free=31467Kb
 bounds [0x000002f5ab930000, 0x000002f5acca0000, 0x000002f5ae930000]
 total_blobs=10763 nmethods=10087 adapters=601
 compilation: enabled
              stopped_count=0, restarted_count=0
 full_count=0

Compilation events (20 events):
Event: 5792.130 Thread 0x000002f5b5e80c10 10114   !   1       org.springframework.beans.factory.support.DefaultSingletonBeanRegistry::removeSingleton (62 bytes)
Event: 5792.130 Thread 0x000002f5b5e80c10 nmethod 10114 0x000002f5aca89490 code [0x000002f5aca89660, 0x000002f5aca898b8]
Event: 5792.163 Thread 0x000002f5b5e80c10 10116       1       org.springframework.util.ConcurrentReferenceHashMap$EntryIterator::moveToNextSegment (55 bytes)
Event: 5792.166 Thread 0x000002f5b5e80c10 nmethod 10116 0x000002f5aca89010 code [0x000002f5aca891c0, 0x000002f5aca89398]
Event: 5792.180 Thread 0x000002f5b5e80c10 10117       1       java.net.Socket::isInputShutdown (5 bytes)
Event: 5792.180 Thread 0x000002f5b5e80c10 nmethod 10117 0x000002f5aca88d10 code [0x000002f5aca88ea0, 0x000002f5aca88f78]
Event: 5792.181 Thread 0x000002f5b5e80c10 10118       1       com.mysql.cj.protocol.a.NativeServerSession::supportsQueryAttributes (19 bytes)
Event: 5792.182 Thread 0x000002f5b5e80c10 nmethod 10118 0x000002f5aca88a10 code [0x000002f5aca88ba0, 0x000002f5aca88c98]
Event: 5792.182 Thread 0x000002f5b5e80c10 10119       1       com.mysql.cj.protocol.ExportControlled::isSSLEstablished (18 bytes)
Event: 5792.183 Thread 0x000002f5b5e80c10 nmethod 10119 0x000002f5aca88690 code [0x000002f5aca88840, 0x000002f5aca88948]
Event: 5792.190 Thread 0x000002f5b5e80c10 10120  s!   1       java.net.Socket::close (47 bytes)
Event: 5792.191 Thread 0x000002f5b5e80c10 nmethod 10120 0x000002f5aca88010 code [0x000002f5aca881e0, 0x000002f5aca88538]
Event: 5795.303 Thread 0x000002f5b5e80c10 10122   !   1       com.netflix.servo.jmx.JmxMonitorRegistry::unregister (139 bytes)
Event: 5795.319 Thread 0x000002f5b5e80c10 nmethod 10122 0x000002f5aca87090 code [0x000002f5aca87300, 0x000002f5aca87a28]
Event: 5795.319 Thread 0x000002f5b5e80c10 10123   !   1       com.netflix.discovery.util.ServoUtil::unregister (18 bytes)
Event: 5795.320 Thread 0x000002f5b5e80c10 nmethod 10123 0x000002f5aca86c90 code [0x000002f5aca86e40, 0x000002f5aca86f68]
Event: 5795.320 Thread 0x000002f5b5e80c10 10121       1       com.netflix.servo.DefaultMonitorRegistry::unregister (11 bytes)
Event: 5795.320 Thread 0x000002f5b5e80c10 nmethod 10121 0x000002f5aca86990 code [0x000002f5aca86b40, 0x000002f5aca86c28]
Event: 5795.345 Thread 0x000002f5b5e80c10 10124   !   1       java.util.TreeMap::putAll (83 bytes)
Event: 5795.348 Thread 0x000002f5b5e80c10 nmethod 10124 0x000002f5aca86090 code [0x000002f5aca862a0, 0x000002f5aca86738]

GC Heap History (20 events):
Event: 5688.792 GC heap after
{Heap after GC invocations=199 (full 1):
 garbage-first heap   total 133120K, used 43964K [0x0000000084400000, 0x0000000100000000)
  region size 1024K, 6 young (6144K), 6 survivors (6144K)
 Metaspace       used 73895K, committed 74496K, reserved 1114112K
  class space    used 10226K, committed 10560K, reserved 1048576K
}
Event: 5694.001 GC heap before
{Heap before GC invocations=200 (full 1):
 garbage-first heap   total 133120K, used 109500K [0x0000000084400000, 0x0000000100000000)
  region size 1024K, 69 young (70656K), 6 survivors (6144K)
 Metaspace       used 74287K, committed 74944K, reserved 1114112K
  class space    used 10295K, committed 10624K, reserved 1048576K
}
Event: 5694.128 GC heap after
{Heap after GC invocations=201 (full 1):
 garbage-first heap   total 133120K, used 48793K [0x0000000084400000, 0x0000000100000000)
  region size 1024K, 7 young (7168K), 7 survivors (7168K)
 Metaspace       used 74287K, committed 74944K, reserved 1114112K
  class space    used 10295K, committed 10624K, reserved 1048576K
}
Event: 5694.148 GC heap before
{Heap before GC invocations=201 (full 1):
 garbage-first heap   total 133120K, used 49817K [0x0000000084400000, 0x0000000100000000)
  region size 1024K, 8 young (8192K), 7 survivors (7168K)
 Metaspace       used 74287K, committed 74944K, reserved 1114112K
  class space    used 10295K, committed 10624K, reserved 1048576K
}
Event: 5694.357 GC heap after
{Heap after GC invocations=202 (full 1):
 garbage-first heap   total 133120K, used 49264K [0x0000000084400000, 0x0000000100000000)
  region size 1024K, 1 young (1024K), 1 survivors (1024K)
 Metaspace       used 74287K, committed 74944K, reserved 1114112K
  class space    used 10295K, committed 10624K, reserved 1048576K
}
Event: 5710.399 GC heap before
{Heap before GC invocations=202 (full 1):
 garbage-first heap   total 133120K, used 100464K [0x0000000084400000, 0x0000000100000000)
  region size 1024K, 53 young (54272K), 1 survivors (1024K)
 Metaspace       used 74296K, committed 74944K, reserved 1114112K
  class space    used 10297K, committed 10624K, reserved 1048576K
}
Event: 5710.492 GC heap after
{Heap after GC invocations=203 (full 2):
 garbage-first heap   total 133120K, used 43876K [0x0000000084400000, 0x0000000100000000)
  region size 1024K, 0 young (0K), 0 survivors (0K)
 Metaspace       used 74293K, committed 74944K, reserved 1114112K
  class space    used 10297K, committed 10624K, reserved 1048576K
}
Event: 5714.763 GC heap before
{Heap before GC invocations=203 (full 2):
 garbage-first heap   total 133120K, used 106340K [0x0000000084400000, 0x0000000100000000)
  region size 1024K, 61 young (62464K), 0 survivors (0K)
 Metaspace       used 74359K, committed 75136K, reserved 1114112K
  class space    used 10305K, committed 10688K, reserved 1048576K
}
Event: 5714.768 GC heap after
{Heap after GC invocations=204 (full 2):
 garbage-first heap   total 133120K, used 49508K [0x0000000084400000, 0x0000000100000000)
  region size 1024K, 6 young (6144K), 6 survivors (6144K)
 Metaspace       used 74359K, committed 75136K, reserved 1114112K
  class space    used 10305K, committed 10688K, reserved 1048576K
}
Event: 5719.152 GC heap before
{Heap before GC invocations=205 (full 2):
 garbage-first heap   total 133120K, used 104804K [0x0000000084400000, 0x0000000100000000)
  region size 1024K, 60 young (61440K), 6 survivors (6144K)
 Metaspace       used 74617K, committed 75328K, reserved 1114112K
  class space    used 10323K, committed 10688K, reserved 1048576K
}
Event: 5719.160 GC heap after
{Heap after GC invocations=206 (full 2):
 garbage-first heap   total 133120K, used 52146K [0x0000000084400000, 0x0000000100000000)
  region size 1024K, 4 young (4096K), 4 survivors (4096K)
 Metaspace       used 74617K, committed 75328K, reserved 1114112K
  class space    used 10323K, committed 10688K, reserved 1048576K
}
Event: 5719.201 GC heap before
{Heap before GC invocations=206 (full 2):
 garbage-first heap   total 133120K, used 54194K [0x0000000084400000, 0x0000000100000000)
  region size 1024K, 6 young (6144K), 4 survivors (4096K)
 Metaspace       used 74617K, committed 75328K, reserved 1114112K
  class space    used 10323K, committed 10688K, reserved 1048576K
}
Event: 5719.207 GC heap after
{Heap after GC invocations=207 (full 2):
 garbage-first heap   total 133120K, used 52580K [0x0000000084400000, 0x0000000100000000)
  region size 1024K, 1 young (1024K), 1 survivors (1024K)
 Metaspace       used 74617K, committed 75328K, reserved 1114112K
  class space    used 10323K, committed 10688K, reserved 1048576K
}
Event: 5728.407 GC heap before
{Heap before GC invocations=207 (full 2):
 garbage-first heap   total 133120K, used 104804K [0x0000000084400000, 0x0000000100000000)
  region size 1024K, 52 young (53248K), 1 survivors (1024K)
 Metaspace       used 74688K, committed 75392K, reserved 1114112K
  class space    used 10328K, committed 10688K, reserved 1048576K
}
Event: 5728.411 GC heap after
{Heap after GC invocations=208 (full 2):
 garbage-first heap   total 159744K, used 54386K [0x0000000084400000, 0x0000000100000000)
  region size 1024K, 3 young (3072K), 3 survivors (3072K)
 Metaspace       used 74688K, committed 75392K, reserved 1114112K
  class space    used 10328K, committed 10688K, reserved 1048576K
}
Event: 5755.838 GC heap before
{Heap before GC invocations=209 (full 2):
 garbage-first heap   total 159744K, used 127090K [0x0000000084400000, 0x0000000100000000)
  region size 1024K, 74 young (75776K), 3 survivors (3072K)
 Metaspace       used 74675K, committed 75392K, reserved 1114112K
  class space    used 10325K, committed 10688K, reserved 1048576K
}
Event: 5755.843 GC heap after
{Heap after GC invocations=210 (full 2):
 garbage-first heap   total 159744K, used 54149K [0x0000000084400000, 0x0000000100000000)
  region size 1024K, 3 young (3072K), 3 survivors (3072K)
 Metaspace       used 74675K, committed 75392K, reserved 1114112K
  class space    used 10325K, committed 10688K, reserved 1048576K
}
Event: 5759.164 GC heap before
{Heap before GC invocations=210 (full 2):
 garbage-first heap   total 159744K, used 58245K [0x0000000084400000, 0x0000000100000000)
  region size 1024K, 7 young (7168K), 3 survivors (3072K)
 Metaspace       used 74675K, committed 75392K, reserved 1114112K
  class space    used 10325K, committed 10688K, reserved 1048576K
}
Event: 5759.176 GC heap after
{Heap after GC invocations=211 (full 2):
 garbage-first heap   total 159744K, used 53842K [0x0000000084400000, 0x0000000100000000)
  region size 1024K, 1 young (1024K), 1 survivors (1024K)
 Metaspace       used 74675K, committed 75392K, reserved 1114112K
  class space    used 10325K, committed 10688K, reserved 1048576K
}
Event: 5795.369 GC heap before
{Heap before GC invocations=211 (full 2):
 garbage-first heap   total 159744K, used 114258K [0x0000000084400000, 0x0000000100000000)
  region size 1024K, 61 young (62464K), 1 survivors (1024K)
 Metaspace       used 74678K, committed 75392K, reserved 1114112K
  class space    used 10325K, committed 10688K, reserved 1048576K
}

Dll operation events (14 events):
Event: 0.018 Loaded shared library C:\Program Files\Java\jdk-19\bin\java.dll
Event: 0.033 Loaded shared library C:\Program Files\Java\jdk-19\bin\jsvml.dll
Event: 0.209 Loaded shared library C:\Program Files\Java\jdk-19\bin\zip.dll
Event: 0.213 Loaded shared library C:\Program Files\Java\jdk-19\bin\instrument.dll
Event: 0.222 Loaded shared library C:\Program Files\Java\jdk-19\bin\net.dll
Event: 0.224 Loaded shared library C:\Program Files\Java\jdk-19\bin\nio.dll
Event: 0.228 Loaded shared library C:\Program Files\Java\jdk-19\bin\zip.dll
Event: 0.383 Loaded shared library C:\Program Files\JetBrains\IntelliJ IDEA 2023.3.4\bin\breakgen64.dll
Event: 0.394 Loaded shared library C:\Program Files\Java\jdk-19\bin\jimage.dll
Event: 0.396 Loaded shared library C:\Program Files\Java\jdk-19\bin\extnet.dll
Event: 0.425 Loaded shared library C:\Program Files\Java\jdk-19\bin\management.dll
Event: 0.446 Loaded shared library C:\Program Files\Java\jdk-19\bin\management_ext.dll
Event: 1.050 Loaded shared library C:\Program Files\Java\jdk-19\bin\verify.dll
Event: 5.754 Loaded shared library C:\Program Files\Java\jdk-19\bin\sunmscapi.dll

Deoptimization events (20 events):
Event: 0.700 Thread 0x000002f5a39e1580 DEOPT PACKING pc=0x000002f5abc9ea50 sp=0x000000f75bafd290
Event: 0.700 Thread 0x000002f5a39e1580 DEOPT UNPACKING pc=0x000002f5ab99b0e3 sp=0x000000f75bafc748 mode 3
Event: 3.458 Thread 0x000002f5bb1d2010 DEOPT PACKING pc=0x000002f5abfbc339 sp=0x000000f75d9fd480
Event: 3.458 Thread 0x000002f5bb1d2010 DEOPT UNPACKING pc=0x000002f5ab99b0e3 sp=0x000000f75d9fc960 mode 3
Event: 4.749 Thread 0x000002f5bb1d2010 DEOPT PACKING pc=0x000002f5abfb52a4 sp=0x000000f75d9fd990
Event: 4.749 Thread 0x000002f5bb1d2010 DEOPT UNPACKING pc=0x000002f5ab99b0e3 sp=0x000000f75d9fcee8 mode 0
Event: 5.689 Thread 0x000002f5bb1d2010 DEOPT PACKING pc=0x000002f5ac2add1d sp=0x000000f75d9fd400
Event: 5.689 Thread 0x000002f5bb1d2010 DEOPT UNPACKING pc=0x000002f5ab99b0e3 sp=0x000000f75d9fc968 mode 3
Event: 7.758 Thread 0x000002f5bb1d2010 DEOPT PACKING pc=0x000002f5ac3fa1f4 sp=0x000000f75d9fc9b0
Event: 7.758 Thread 0x000002f5bb1d2010 DEOPT UNPACKING pc=0x000002f5ab99b0e3 sp=0x000000f75d9fbe38 mode 0
Event: 8.630 Thread 0x000002f5bb1d2010 DEOPT PACKING pc=0x000002f5abfb35c2 sp=0x000000f75d9fce00
Event: 8.630 Thread 0x000002f5bb1d2010 DEOPT UNPACKING pc=0x000002f5ab99b0e3 sp=0x000000f75d9fc308 mode 3
Event: 8.630 Thread 0x000002f5bb1d2010 DEOPT PACKING pc=0x000002f5abf9855c sp=0x000000f75d9fcdc0
Event: 8.630 Thread 0x000002f5bb1d2010 DEOPT UNPACKING pc=0x000002f5ab99b0e3 sp=0x000000f75d9fc308 mode 3
Event: 10.284 Thread 0x000002f5bb1d2010 DEOPT PACKING pc=0x000002f5abd920b9 sp=0x000000f75d9fa980
Event: 10.284 Thread 0x000002f5bb1d2010 DEOPT UNPACKING pc=0x000002f5ab99b0e3 sp=0x000000f75d9f9e60 mode 3
Event: 12.495 Thread 0x000002f5bb2b6a60 DEOPT PACKING pc=0x000002f5ac4366ac sp=0x000000f75dafeab0
Event: 12.495 Thread 0x000002f5bb2b6a60 DEOPT UNPACKING pc=0x000002f5ab99b0e3 sp=0x000000f75dafdf68 mode 0
Event: 5722.273 Thread 0x000002f5bc5025d0 DEOPT PACKING pc=0x000002f5ac963e9e sp=0x000000f75e7fd460
Event: 5722.274 Thread 0x000002f5bc5025d0 DEOPT UNPACKING pc=0x000002f5ab99b0e3 sp=0x000000f75e7fc968 mode 3

Classes loaded (20 events):
Event: 5639.650 Loading class java/util/AbstractMap$2$1
Event: 5639.653 Loading class java/util/AbstractMap$2$1 done
Event: 5642.922 Loading class java/util/EnumMap$Values
Event: 5642.934 Loading class java/util/EnumMap$Values done
Event: 5642.934 Loading class java/util/EnumMap$ValueIterator
Event: 5642.936 Loading class java/util/EnumMap$ValueIterator done
Event: 5643.603 Loading class java/lang/ref/Finalizer$2
Event: 5643.604 Loading class java/lang/ref/Finalizer$2 done
Event: 5643.604 Loading class java/lang/ref/Finalizer$1
Event: 5643.612 Loading class java/lang/ref/Finalizer$1 done
Event: 5689.231 Loading class java/time/DurationEditor
Event: 5689.232 Loading class java/time/DurationEditor done
Event: 5715.780 Loading class java/lang/ObjectCustomizer
Event: 5715.780 Loading class java/lang/ObjectCustomizer done
Event: 5715.780 Loading class java/lang/ObjectCustomizer
Event: 5715.780 Loading class java/lang/ObjectCustomizer done
Event: 5715.856 Loading class java/lang/ObjectCustomizer
Event: 5715.856 Loading class java/lang/ObjectCustomizer done
Event: 5715.856 Loading class java/lang/ObjectCustomizer
Event: 5715.856 Loading class java/lang/ObjectCustomizer done

Classes unloaded (20 events):
Event: 564.257 Thread 0x000002f5b5e5ea40 Unloading class 0x000000080191d000 'java/lang/invoke/LambdaForm$MH+0x000000080191d000'
Event: 564.257 Thread 0x000002f5b5e5ea40 Unloading class 0x00000008019d1c00 'java/lang/invoke/LambdaForm$MH+0x00000008019d1c00'
Event: 682.895 Thread 0x000002f5b5e5ea40 Unloading class 0x000000080191d000 'java/lang/invoke/LambdaForm$MH+0x000000080191d000'
Event: 1870.025 Thread 0x000002f5b5e5ea40 Unloading class 0x00000008014f5400 'java/lang/invoke/LambdaForm$MH+0x00000008014f5400'
Event: 3845.290 Thread 0x000002f5b5e5ea40 Unloading class 0x000000080138cc00 'java/lang/invoke/LambdaForm$MH+0x000000080138cc00'
Event: 5643.128 Thread 0x000002f5b5e5ea40 Unloading class 0x000000080138c000 'java/lang/invoke/LambdaForm$MH+0x000000080138c000'
Event: 5643.128 Thread 0x000002f5b5e5ea40 Unloading class 0x0000000801451000 'java/lang/invoke/LambdaForm$MH+0x0000000801451000'
Event: 5643.128 Thread 0x000002f5b5e5ea40 Unloading class 0x0000000801450000 'java/lang/invoke/LambdaForm$DMH+0x0000000801450000'
Event: 5643.129 Thread 0x000002f5b5e5ea40 Unloading class 0x0000000801105400 'java/lang/invoke/LambdaForm$MH+0x0000000801105400'
Event: 5688.881 Thread 0x000002f5b5e5ea40 Unloading class 0x000000080119c400 'java/lang/invoke/LambdaForm$MH+0x000000080119c400'
Event: 5688.881 Thread 0x000002f5b5e5ea40 Unloading class 0x000000080119c800 'java/lang/invoke/LambdaForm$MH+0x000000080119c800'
Event: 5688.881 Thread 0x000002f5b5e5ea40 Unloading class 0x000000080138cc00 'java/lang/invoke/LambdaForm$MH+0x000000080138cc00'
Event: 5688.881 Thread 0x000002f5b5e5ea40 Unloading class 0x00000008013b0000 'java/lang/invoke/LambdaForm$MH+0x00000008013b0000'
Event: 5710.430 Thread 0x000002f5b5e5ea40 Unloading class 0x0000000801a57800 'org/apache/catalina/loader/JdbcLeakPrevention'
Event: 5728.489 Thread 0x000002f5b5e5ea40 Unloading class 0x0000000801a88000 'jdk/internal/reflect/GeneratedSerializationConstructorAccessor35'
Event: 5728.489 Thread 0x000002f5b5e5ea40 Unloading class 0x0000000801a55000 'java/lang/invoke/LambdaForm$MH+0x0000000801a55000'
Event: 5728.489 Thread 0x000002f5b5e5ea40 Unloading class 0x0000000801a54c00 'java/lang/invoke/LambdaForm$MH+0x0000000801a54c00'
Event: 5728.489 Thread 0x000002f5b5e5ea40 Unloading class 0x0000000801a54800 'java/lang/invoke/LambdaForm$BMH+0x0000000801a54800'
Event: 5728.489 Thread 0x000002f5b5e5ea40 Unloading class 0x0000000801a53c00 'java/lang/invoke/LambdaForm$MH+0x0000000801a53c00'
Event: 5728.489 Thread 0x000002f5b5e5ea40 Unloading class 0x0000000801a50000 'java/lang/invoke/LambdaForm$MH+0x0000000801a50000'

Classes redefined (0 events):
No events

Internal exceptions (20 events):
Event: 5714.665 Thread 0x000002f5bc505af0 Exception <a 'java/lang/NoClassDefFoundError'{0x00000000892298b8}: org/flywaydb/core/Flyway> (0x00000000892298b8) 
thrown [s\open\src\hotspot\share\oops\constantPool.cpp, line 837]
Event: 5714.665 Thread 0x000002f5bc505af0 Exception <a 'java/lang/NoClassDefFoundError'{0x0000000089229f18}: liquibase/integration/spring/SpringLiquibase> (0x0000000089229f18) 
thrown [s\open\src\hotspot\share\oops\constantPool.cpp, line 837]
Event: 5714.672 Thread 0x000002f5bc505af0 Exception <a 'java/lang/NoClassDefFoundError'{0x00000000892d0060}: org/jooq/DSLContext> (0x00000000892d0060) 
thrown [s\open\src\hotspot\share\oops\constantPool.cpp, line 837]
Event: 5714.672 Thread 0x000002f5bc505af0 Exception <a 'java/lang/NoClassDefFoundError'{0x00000000892e3f38}: org/springframework/batch/core/repository/JobRepository> (0x00000000892e3f38) 
thrown [s\open\src\hotspot\share\oops\constantPool.cpp, line 837]
Event: 5714.672 Thread 0x000002f5bc505af0 Exception <a 'java/lang/NoClassDefFoundError'{0x00000000892e4590}: org/quartz/Scheduler> (0x00000000892e4590) 
thrown [s\open\src\hotspot\share\oops\constantPool.cpp, line 837]
Event: 5714.672 Thread 0x000002f5bc505af0 Exception <a 'java/lang/NoClassDefFoundError'{0x00000000892e4c10}: org/springframework/session/jdbc/JdbcIndexedSessionRepository> (0x00000000892e4c10) 
thrown [s\open\src\hotspot\share\oops\constantPool.cpp, line 837]
Event: 5714.809 Thread 0x000002f5bc505af0 Exception <a 'sun/nio/fs/WindowsException'{0x000000008c390158}> (0x000000008c390158) 
thrown [s\open\src\hotspot\share\prims\jni.cpp, line 517]
Event: 5714.810 Thread 0x000002f5bc505af0 Exception <a 'sun/nio/fs/WindowsException'{0x000000008c390738}> (0x000000008c390738) 
thrown [s\open\src\hotspot\share\prims\jni.cpp, line 517]
Event: 5714.810 Thread 0x000002f5bc505af0 Exception <a 'sun/nio/fs/WindowsException'{0x000000008c390de0}> (0x000000008c390de0) 
thrown [s\open\src\hotspot\share\prims\jni.cpp, line 517]
Event: 5715.393 Thread 0x000002f5bc505af0 Exception <a 'java/io/FileNotFoundException'{0x000000008c3e17c8}> (0x000000008c3e17c8) 
thrown [s\open\src\hotspot\share\prims\jni.cpp, line 517]
Event: 5715.457 Thread 0x000002f5bc505af0 Exception <a 'java/lang/NullPointerException'{0x000000008ba04728}> (0x000000008ba04728) 
thrown [s\open\src\hotspot\share\interpreter\linkResolver.cpp, line 1374]
Event: 5715.457 Thread 0x000002f5bc505af0 Exception <a 'java/lang/NullPointerException'{0x000000008ba050e8}> (0x000000008ba050e8) 
thrown [s\open\src\hotspot\share\interpreter\linkResolver.cpp, line 1374]
Event: 5715.475 Thread 0x000002f5bc505af0 Exception <a 'java/io/FileNotFoundException'{0x000000008b80f618}> (0x000000008b80f618) 
thrown [s\open\src\hotspot\share\prims\jni.cpp, line 517]
Event: 5715.780 Thread 0x000002f5bc505af0 Exception <a 'java/lang/ClassNotFoundException'{0x000000008ad4b558}: java/lang/ObjectCustomizer> (0x000000008ad4b558) 
thrown [s\open\src\hotspot\share\classfile\systemDictionary.cpp, line 255]
Event: 5715.783 Thread 0x000002f5bc505af0 Exception <a 'java/lang/ClassNotFoundException'{0x000000008ad55e90}: com/isi/trombinoscope/Entities/ContactCustomizer> (0x000000008ad55e90) 
thrown [s\open\src\hotspot\share\classfile\systemDictionary.cpp, line 255]
Event: 5715.856 Thread 0x000002f5bc505af0 Exception <a 'java/lang/ClassNotFoundException'{0x000000008a8d16d8}: java/lang/ObjectCustomizer> (0x000000008a8d16d8) 
thrown [s\open\src\hotspot\share\classfile\systemDictionary.cpp, line 255]
Event: 5715.857 Thread 0x000002f5bc505af0 Exception <a 'java/lang/ClassNotFoundException'{0x000000008a8db140}: com/isi/trombinoscope/Entities/UECustomizer> (0x000000008a8db140) 
thrown [s\open\src\hotspot\share\classfile\systemDictionary.cpp, line 255]
Event: 5721.896 Thread 0x000002f5bc505af0 Exception <a 'java/lang/NoClassDefFoundError'{0x000000008af0a978}: javax/mail/MessagingException> (0x000000008af0a978) 
thrown [s\open\src\hotspot\share\classfile\systemDictionary.cpp, line 244]
Event: 5721.961 Thread 0x000002f5bc505af0 Exception <a 'java/lang/NoClassDefFoundError'{0x000000008a981b10}: javax/mail/MessagingException> (0x000000008a981b10) 
thrown [s\open\src\hotspot\share\classfile\systemDictionary.cpp, line 244]
Event: 5792.116 Thread 0x000002f5bc507030 Exception <a 'java/lang/InterruptedException'{0x000000008a98a550}: sleep interrupted> (0x000000008a98a550) 
thrown [s\open\src\hotspot\share\prims\jvm.cpp, line 3103]

VM Operations (20 events):
Event: 5720.480 Executing VM operation: Cleanup done
Event: 5721.800 Executing VM operation: Cleanup
Event: 5721.801 Executing VM operation: Cleanup done
Event: 5722.805 Executing VM operation: Cleanup
Event: 5722.807 Executing VM operation: Cleanup done
Event: 5725.809 Executing VM operation: Cleanup
Event: 5725.809 Executing VM operation: Cleanup done
Event: 5728.406 Executing VM operation: G1CollectForAllocation
Event: 5728.411 Executing VM operation: G1CollectForAllocation done
Event: 5728.487 Executing VM operation: G1PauseRemark
Event: 5728.498 Executing VM operation: G1PauseRemark done
Event: 5728.532 Executing VM operation: G1PauseCleanup
Event: 5728.533 Executing VM operation: G1PauseCleanup done
Event: 5755.838 Executing VM operation: G1CollectForAllocation
Event: 5755.844 Executing VM operation: G1CollectForAllocation done
Event: 5759.164 Executing VM operation: G1CollectForAllocation
Event: 5759.176 Executing VM operation: G1CollectForAllocation done
Event: 5792.590 Executing VM operation: Cleanup
Event: 5792.590 Executing VM operation: Cleanup done
Event: 5795.369 Executing VM operation: G1CollectFull

Events (20 events):
Event: 5792.115 Thread 0x000002f5ba77ef90 Thread exited: 0x000002f5ba77ef90
Event: 5792.115 Thread 0x000002f5bc508ac0 Thread exited: 0x000002f5bc508ac0
Event: 5792.115 Thread 0x000002f5bc509560 Thread exited: 0x000002f5bc509560
Event: 5792.115 Thread 0x000002f5ba77f4e0 Thread exited: 0x000002f5ba77f4e0
Event: 5792.115 Thread 0x000002f5bc502080 Thread exited: 0x000002f5bc502080
Event: 5792.115 Thread 0x000002f5bc502b20 Thread exited: 0x000002f5bc502b20
Event: 5792.116 Thread 0x000002f5bc507030 Thread exited: 0x000002f5bc507030
Event: 5792.118 Thread 0x000002f5bc506590 Thread exited: 0x000002f5bc506590
Event: 5792.132 Thread 0x000002f5bc503b10 Thread exited: 0x000002f5bc503b10
Event: 5792.174 Thread 0x000002f5ba77e4f0 Thread added: 0x000002f5ba77e4f0
Event: 5792.175 Thread 0x000002f5bc507580 Thread exited: 0x000002f5bc507580
Event: 5792.190 Thread 0x000002f5ba77e4f0 Thread exited: 0x000002f5ba77e4f0
Event: 5792.337 Thread 0x000002f5bc503070 Thread exited: 0x000002f5bc503070
Event: 5795.261 Thread 0x000002f5bc5025d0 Thread exited: 0x000002f5bc5025d0
Event: 5795.262 Thread 0x000002f5ba77cfb0 Thread exited: 0x000002f5ba77cfb0
Event: 5795.264 Thread 0x000002f5ba77ba70 Thread exited: 0x000002f5ba77ba70
Event: 5795.267 Thread 0x000002f5bc508020 Thread exited: 0x000002f5bc508020
Event: 5795.270 Thread 0x000002f5bc508570 Thread exited: 0x000002f5bc508570
Event: 5795.318 Thread 0x000002f5bc509010 Thread exited: 0x000002f5bc509010
Event: 5795.322 Thread 0x000002f5bc5035c0 Thread exited: 0x000002f5bc5035c0


Dynamic libraries:
0x00007ff707860000 - 0x00007ff707870000 	C:\Program Files\Java\jdk-19\bin\java.exe
0x00007ffa9fff0000 - 0x00007ffaa0207000 	C:\WINDOWS\SYSTEM32\ntdll.dll
0x00007ffa9fc20000 - 0x00007ffa9fce4000 	C:\WINDOWS\System32\KERNEL32.DLL
0x00007ffa9d550000 - 0x00007ffa9d8f6000 	C:\WINDOWS\System32\KERNELBASE.dll
0x00007ffa9dbb0000 - 0x00007ffa9dcc1000 	C:\WINDOWS\System32\ucrtbase.dll
0x00007ffa76e50000 - 0x00007ffa76e6b000 	C:\Program Files\Java\jdk-19\bin\VCRUNTIME140.dll
0x00007ffa76f30000 - 0x00007ffa76f48000 	C:\Program Files\Java\jdk-19\bin\jli.dll
0x00007ffa9f7a0000 - 0x00007ffa9f851000 	C:\WINDOWS\System32\ADVAPI32.dll
0x00007ffa9f6a0000 - 0x00007ffa9f747000 	C:\WINDOWS\System32\msvcrt.dll
0x00007ffa9de30000 - 0x00007ffa9ded5000 	C:\WINDOWS\System32\sechost.dll
0x00007ffa9fe30000 - 0x00007ffa9ff47000 	C:\WINDOWS\System32\RPCRT4.dll
0x00007ffa9f130000 - 0x00007ffa9f2de000 	C:\WINDOWS\System32\USER32.dll
0x00007ffa90460000 - 0x00007ffa906f3000 	C:\WINDOWS\WinSxS\amd64_microsoft.windows.common-controls_6595b64144ccf1df_6.0.22621.2506_none_270c5ae97388e100\COMCTL32.dll
0x00007ffa9d520000 - 0x00007ffa9d546000 	C:\WINDOWS\System32\win32u.dll
0x00007ffa9f2e0000 - 0x00007ffa9f309000 	C:\WINDOWS\System32\GDI32.dll
0x00007ffa9d360000 - 0x00007ffa9d478000 	C:\WINDOWS\System32\gdi32full.dll
0x00007ffa9d480000 - 0x00007ffa9d51a000 	C:\WINDOWS\System32\msvcp_win.dll
0x00007ffa93870000 - 0x00007ffa9387a000 	C:\WINDOWS\SYSTEM32\VERSION.dll
0x00007ffa9df00000 - 0x00007ffa9df31000 	C:\WINDOWS\System32\IMM32.DLL
0x00007ffa8d760000 - 0x00007ffa8d76c000 	C:\Program Files\Java\jdk-19\bin\vcruntime140_1.dll
0x00007ffa6e260000 - 0x00007ffa6e2ee000 	C:\Program Files\Java\jdk-19\bin\msvcp140.dll
0x00007ff9de5a0000 - 0x00007ff9df260000 	C:\Program Files\Java\jdk-19\bin\server\jvm.dll
0x00007ffa939e0000 - 0x00007ffa93a14000 	C:\WINDOWS\SYSTEM32\WINMM.dll
0x00007ffa7e2a0000 - 0x00007ffa7e2a9000 	C:\WINDOWS\SYSTEM32\WSOCK32.dll
0x00007ffa9ddb0000 - 0x00007ffa9de21000 	C:\WINDOWS\System32\WS2_32.dll
0x00007ffa9c360000 - 0x00007ffa9c378000 	C:\WINDOWS\SYSTEM32\kernel.appcore.dll
0x00007ffa7dfb0000 - 0x00007ffa7dfba000 	C:\Program Files\Java\jdk-19\bin\jimage.dll
0x00007ffa98410000 - 0x00007ffa98643000 	C:\WINDOWS\SYSTEM32\DBGHELP.DLL
0x00007ffa9f310000 - 0x00007ffa9f699000 	C:\WINDOWS\System32\combase.dll
0x00007ffa9f870000 - 0x00007ffa9f947000 	C:\WINDOWS\System32\OLEAUT32.dll
0x00007ffa8e510000 - 0x00007ffa8e542000 	C:\WINDOWS\SYSTEM32\dbgcore.DLL
0x00007ffa9d900000 - 0x00007ffa9d97a000 	C:\WINDOWS\System32\bcryptPrimitives.dll
0x00007ffa94910000 - 0x00007ffa9491e000 	C:\Program Files\Java\jdk-19\bin\instrument.dll
0x00007ffa762e0000 - 0x00007ffa76306000 	C:\Program Files\Java\jdk-19\bin\java.dll
0x00007ffa2cbc0000 - 0x00007ffa2cc97000 	C:\Program Files\Java\jdk-19\bin\jsvml.dll
0x00007ffa9e660000 - 0x00007ffa9eeba000 	C:\WINDOWS\System32\SHELL32.dll
0x00007ffa9b280000 - 0x00007ffa9bb76000 	C:\WINDOWS\SYSTEM32\windows.storage.dll
0x00007ffa9b140000 - 0x00007ffa9b27e000 	C:\WINDOWS\SYSTEM32\wintypes.dll
0x00007ffa9fb20000 - 0x00007ffa9fc13000 	C:\WINDOWS\System32\SHCORE.dll
0x00007ffa9dd50000 - 0x00007ffa9ddae000 	C:\WINDOWS\System32\shlwapi.dll
0x00007ffa9d290000 - 0x00007ffa9d2b6000 	C:\WINDOWS\SYSTEM32\profapi.dll
0x00007ffa74500000 - 0x00007ffa74518000 	C:\Program Files\Java\jdk-19\bin\zip.dll
0x00007ffa76e30000 - 0x00007ffa76e43000 	C:\Program Files\Java\jdk-19\bin\net.dll
0x00007ffa961d0000 - 0x00007ffa96307000 	C:\WINDOWS\SYSTEM32\WINHTTP.dll
0x00007ffa9c7e0000 - 0x00007ffa9c849000 	C:\WINDOWS\system32\mswsock.dll
0x00007ffa768b0000 - 0x00007ffa768c6000 	C:\Program Files\Java\jdk-19\bin\nio.dll
0x00007ffa851a0000 - 0x00007ffa851ba000 	C:\Program Files\JetBrains\IntelliJ IDEA 2023.3.4\bin\breakgen64.dll
0x00007ffa76ee0000 - 0x00007ffa76ee8000 	C:\Program Files\Java\jdk-19\bin\extnet.dll
0x00007ffa9be00000 - 0x00007ffa9bef9000 	C:\WINDOWS\SYSTEM32\DNSAPI.dll
0x00007ffa9bdd0000 - 0x00007ffa9bdfd000 	C:\WINDOWS\SYSTEM32\IPHLPAPI.DLL
0x00007ffa9f860000 - 0x00007ffa9f869000 	C:\WINDOWS\System32\NSI.dll
0x00007ffa91600000 - 0x00007ffa9160a000 	C:\Windows\System32\rasadhlp.dll
0x00007ffa932b0000 - 0x00007ffa93333000 	C:\WINDOWS\System32\fwpuclnt.dll
0x00007ffa93ad0000 - 0x00007ffa93ada000 	C:\Program Files\Java\jdk-19\bin\management.dll
0x00007ffa8e6e0000 - 0x00007ffa8e6eb000 	C:\Program Files\Java\jdk-19\bin\management_ext.dll
0x00007ffa9fe10000 - 0x00007ffa9fe18000 	C:\WINDOWS\System32\PSAPI.DLL
0x00007ffa9caa0000 - 0x00007ffa9cabb000 	C:\WINDOWS\SYSTEM32\CRYPTSP.dll
0x00007ffa9c2c0000 - 0x00007ffa9c2f5000 	C:\WINDOWS\system32\rsaenh.dll
0x00007ffa9c940000 - 0x00007ffa9c96c000 	C:\WINDOWS\SYSTEM32\USERENV.dll
0x00007ffa9cca0000 - 0x00007ffa9ccc8000 	C:\WINDOWS\SYSTEM32\bcrypt.dll
0x00007ffa9cac0000 - 0x00007ffa9cacc000 	C:\WINDOWS\SYSTEM32\CRYPTBASE.dll
0x00007ffa94b50000 - 0x00007ffa94b69000 	C:\WINDOWS\SYSTEM32\dhcpcsvc6.DLL
0x00007ffa94b10000 - 0x00007ffa94b2f000 	C:\WINDOWS\SYSTEM32\dhcpcsvc.DLL
0x00007ffa68b20000 - 0x00007ffa68b37000 	C:\WINDOWS\system32\napinsp.dll
0x00007ffa68b00000 - 0x00007ffa68b1b000 	C:\WINDOWS\system32\pnrpnsp.dll
0x00007ffa68ae0000 - 0x00007ffa68af1000 	C:\WINDOWS\System32\winrnr.dll
0x00007ffa93850000 - 0x00007ffa93865000 	C:\WINDOWS\system32\wshbth.dll
0x00007ffa68970000 - 0x00007ffa68991000 	C:\WINDOWS\system32\nlansp_c.dll
0x00007ffa76800000 - 0x00007ffa76810000 	C:\Program Files\Java\jdk-19\bin\verify.dll
0x00007ffa8e3d0000 - 0x00007ffa8e3de000 	C:\Program Files\Java\jdk-19\bin\sunmscapi.dll
0x00007ffa9da40000 - 0x00007ffa9dba6000 	C:\WINDOWS\System32\CRYPT32.dll
0x00007ffa9cc60000 - 0x00007ffa9cc8d000 	C:\WINDOWS\SYSTEM32\ncrypt.dll
0x00007ffa9cc20000 - 0x00007ffa9cc57000 	C:\WINDOWS\SYSTEM32\NTASN1.dll
0x00007ffa77d70000 - 0x00007ffa77d78000 	C:\WINDOWS\system32\wshunix.dll

dbghelp: loaded successfully - version: 4.0.5 - missing functions: none
symbol engine: initialized successfully - sym options: 0x614 - pdb path: .;C:\Program Files\Java\jdk-19\bin;C:\WINDOWS\SYSTEM32;C:\WINDOWS\WinSxS\amd64_microsoft.windows.common-controls_6595b64144ccf1df_6.0.22621.2506_none_270c5ae97388e100;C:\Program Files\Java\jdk-19\bin\server;C:\Program Files\JetBrains\IntelliJ IDEA 2023.3.4\bin

VM Arguments:
jvm_args: -XX:TieredStopAtLevel=1 -Dspring.output.ansi.enabled=always -Dcom.sun.management.jmxremote -Dspring.jmx.enabled=true -Dspring.liveBeansView.mbeanDomain -Dspring.application.admin.enabled=true -Dmanagement.endpoints.jmx.exposure.include=* -javaagent:C:\Program Files\JetBrains\IntelliJ IDEA 2023.3.4\lib\idea_rt.jar=14544:C:\Program Files\JetBrains\IntelliJ IDEA 2023.3.4\bin -Dfile.encoding=UTF-8 -Dsun.stdout.encoding=UTF-8 -Dsun.stderr.encoding=UTF-8 
java_command: com.isi.trombinoscope.DisponibilitesApplication
java_class_path (initial): C:\ecole\Semestre 2\Projet tutor\ent\ent-s2\trombinoscope\target\classes;C:\Users\OK\.m2\repository\org\springframework\boot\spring-boot-starter-data-jpa\2.7.4\spring-boot-starter-data-jpa-2.7.4.jar;C:\Users\OK\.m2\repository\org\springframework\boot\spring-boot-starter-aop\2.7.4\spring-boot-starter-aop-2.7.4.jar;C:\Users\OK\.m2\repository\org\springframework\spring-aop\5.3.23\spring-aop-5.3.23.jar;C:\Users\OK\.m2\repository\org\aspectj\aspectjweaver\1.9.7\aspectjweaver-1.9.7.jar;C:\Users\OK\.m2\repository\org\springframework\boot\spring-boot-starter-jdbc\2.7.4\spring-boot-starter-jdbc-2.7.4.jar;C:\Users\OK\.m2\repository\com\zaxxer\HikariCP\4.0.3\HikariCP-4.0.3.jar;C:\Users\OK\.m2\repository\org\springframework\spring-jdbc\5.3.23\spring-jdbc-5.3.23.jar;C:\Users\OK\.m2\repository\jakarta\transaction\jakarta.transaction-api\1.3.3\jakarta.transaction-api-1.3.3.jar;C:\Users\OK\.m2\repository\jakarta\persistence\jakarta.persistence-api\2.2.3\jakarta.persistence-api-2.2.3.jar;C:\Users\OK\.m2\repository\org\hibernate\hibernate-core\5.6.11.Final\hibernate-core-5.6.11.Final.jar;C:\Users\OK\.m2\repository\org\jboss\logging\jboss-logging\3.4.3.Final\jboss-logging-3.4.3.Final.jar;C:\Users\OK\.m2\repository\net\bytebuddy\byte-buddy\1.12.17\byte-buddy-1.12.17.jar;C:\Users\OK\.m2\repository\antlr\antlr\2.7.7\antlr-2.7.7.jar;C:\Users\OK\.m2\repository\org\jboss\jandex\2.4.2.Final\jandex-2.4.2.Final.jar;C:\Users\OK\.m2\repository\com\fasterxml\classmate\1.5.1\classmate-1.5.1.jar;C:\Users\OK\.m2\repository\org\hibernate\common\hibernate-commons-annotations\5.1.2.Final\hibernate-commons-annotations-5.1.2.Final.jar;C:\Users\OK\.m2\repository\org\springframework\data\spring-data-jpa\2.7.3\spring-data-jpa-2.7.3.jar;C:\Users\OK\.m2\repository\org\springframework\data\spring-data-commons\2.7.3\spring-data-commons-2.7.3.jar;C:\Users\OK\.m2\repository\org\springframework\spring-orm\5.3.23\spring-orm-5.3.23.jar;C:\Users\OK\.m2\repository\org\springframework\spring-context\5.3.23\spring-context-5.3.23.jar;C:\Users\OK\.m2\repository\org\springframework\spring-tx\5.3.23\spring-tx-5.3.23.jar;C:\Users\OK\.m2\repository\org\springframework\spring-beans\5.3.23\spring-beans-5.3.23.jar;C:\Users\OK\.m2\repository\org\slf4j\slf4j-api\1.7.36\slf4j-api-1.7.36.jar;C:\Users\OK\.m2\repository\org\springframework\spring-aspects\5.3.23\spring-aspects-5.3.23.jar;C:\Users\OK\.m2\repository\org\springframework\boot\spring-boot-starter-thymeleaf\2.7.4\spring-boot-starter-thymeleaf-2.7.4.jar;C:\Users\OK\.m2\repository\org\springframework\boot\spring-boot-starter\2.7.4\spring-boot-starter-2.7.4.jar;C:\Users\OK\.m2\repository\org\springframework\boot\spring-boot-starter-logging\2.7.4\spring-boot-starter-logging-2.7.4.jar;C:\Users\OK\.m2\repository\ch\qos\logback\logback-classic\1.2.11\logback-classic-1.2.11.jar;C:\Users\OK\.m2\repository\ch\qos\logback\logback-core\1.2.11\logback-core-1.2.11.jar;C:\Users\OK\.m2\repository\org\apache\logging\log4j\log4j-to-slf4j\2.17.2\log4j-to-slf4j-2.17.2.jar;C:\Users\OK\.m2\repository\org\apache\logging\log4j\log4j-api\2.17.2\log4j-api-2.17.2.jar;C:\Users\OK\.m2\repository\org\slf4j\jul-to-slf4j\1.7.36\jul-to-slf4j-1.7.36.jar;C:\Users\OK\.m2\repository\jakarta\annotation\jakarta.annotation-api\1.3.5\jakarta.annotation-api-1.3.5.jar;C:\Users\OK\.m2\repository\org\yaml\snakeyaml\1.30\snakeyaml-1.30.jar;C:\Users\OK\.m2\repository\org\thymeleaf\thymeleaf-spring5\3.0.15.RELEASE\thymeleaf-spring5-3.0.15.RELEASE.jar;C:\Users\OK\.m2\repository\org\thymeleaf\thymeleaf\3.0.15.RELEASE\thymeleaf-3.0.15.RELEASE.jar;C:\Users\OK\.m2\repository\org\attoparser\attoparser\2.0.5.RELEASE\attoparser-2.0.5.RELEASE.jar;C:\Users\OK\.m2\repository\org\unbescape\unbescape\1.1.6.RELEASE\unbescape-1.1.6.RELEASE.jar;C:\Users\OK\.m2\repository\org\thymeleaf\extras\thymeleaf-extras-java8time\3.0.4.RELEASE\thymeleaf-extras-java8time-3.0.4.RELEASE.jar;C:\Users\OK\.m2\repository\org\springframework\boot\spring-boot-starter-web\2.7.4\spring-boot-starter-web-2.7.4.jar;C:\Users\OK\.m2\repository\org\springframework\boot\spring-boot-starter-json\2.7.4\spring-boot-starter-json-2.7.4.jar;C:\Users\OK\.m2\repository\com\fasterxml\jackson\core\jackson-databind\2.13.4\jackson-databind-2.13.4.jar;C:\Users\OK\.m2\repository\com\fasterxml\jackson\core\jackson-annotations\2.13.4\jackson-annotations-2.13.4.jar;C:\Users\OK\.m2\repository\com\fasterxml\jackson\core\jackson-core\2.13.4\jackson-core-2.13.4.jar;C:\Users\OK\.m2\repository\com\fasterxml\jackson\datatype\jackson-datatype-jdk8\2.13.4\jackson-datatype-jdk8-2.13.4.jar;C:\Users\OK\.m2\repository\com\fasterxml\jackson\datatype\jackson-datatype-jsr310\2.13.4\jackson-datatype-jsr310-2.13.4.jar;C:\Users\OK\.m2\repository\com\fasterxml\jackson\module\jackson-module-parameter-names\2.13.4\jackson-module-parameter-names-2.13.4.jar;C:\Users\OK\.m2\repository\org\springframework\boot\spring-boot-starter-tomcat\2.7.4\spring-boot-starter-tomcat-2.7.4.jar;C:\Users\OK\.m2\repository\org\apache\tomcat\embed\tomcat-embed-core\9.0.65\tomcat-embed-core-9.0.65.jar;C:\Users\OK\.m2\repository\org\apache\tomcat\embed\tomcat-embed-el\9.0.65\tomcat-embed-el-9.0.65.jar;C:\Users\OK\.m2\repository\org\apache\tomcat\embed\tomcat-embed-websocket\9.0.65\tomcat-embed-websocket-9.0.65.jar;C:\Users\OK\.m2\repository\org\springframework\spring-web\5.3.23\spring-web-5.3.23.jar;C:\Users\OK\.m2\repository\org\springframework\spring-webmvc\5.3.23\spring-webmvc-5.3.23.jar;C:\Users\OK\.m2\repository\org\springframework\spring-expression\5.3.23\spring-expression-5.3.23.jar;C:\Users\OK\.m2\repository\org\springframework\boot\spring-boot-devtools\2.7.4\spring-boot-devtools-2.7.4.jar;C:\Users\OK\.m2\repository\org\springframework\boot\spring-boot\2.7.4\spring-boot-2.7.4.jar;C:\Users\OK\.m2\repository\org\springframework\boot\spring-boot-autoconfigure\2.7.4\spring-boot-autoconfigure-2.7.4.jar;C:\Users\OK\.m2\repository\mysql\mysql-connector-java\8.0.30\mysql-connector-java-8.0.30.jar;C:\Users\OK\.m2\repository\org\springframework\cloud\spring-cloud-starter-netflix-eureka-server\3.1.4\spring-cloud-starter-netflix-eureka-server-3.1.4.jar;C:\Users\OK\.m2\repository\org\springframework\cloud\spring-cloud-starter\3.1.4\spring-cloud-starter-3.1.4.jar;C:\Users\OK\.m2\repository\org\springframework\cloud\spring-cloud-context\3.1.4\spring-cloud-context-3.1.4.jar;C:\Users\OK\.m2\repository\org\springframework\security\spring-security-crypto\5.7.3\spring-security-crypto-5.7.3.jar;C:\Users\OK\.m2\repository\org\springframework\cloud\spring-cloud-commons\3.1.4\spring-cloud-commons-3.1.4.jar;C:\Users\OK\.m2\repository\org\springframework\security\spring-security-rsa\1.0.11.RELEASE\spring-security-rsa-1.0.11.RELEASE.jar;C:\Users\OK\.m2\repository\org\bouncycastle\bcpkix-jdk15on\1.69\bcpkix-jdk15on-1.69.jar;C:\Users\OK\.m2\repository\org\bouncycastle\bcprov-jdk15on\1.69\bcprov-jdk15on-1.69.jar;C:\Users\OK\.m2\repository\org\bouncycastle\bcutil-jdk15on\1.69\bcutil-jdk15on-1.69.jar;C:\Users\OK\.m2\repository\org\springframework\cloud\spring-cloud-netflix-eureka-server\3.1.4\spring-cloud-netflix-eureka-server-3.1.4.jar;C:\Users\OK\.m2\repository\org\springframework\boot\spring-boot-starter-actuator\2.7.4\spring-boot-starter-actuator-2.7.4.jar;C:\Users\OK\.m2\repository\org\springframework\boot\spring-boot-actuator-autoconfigure\2.7.4\spring-boot-actuator-autoconfigure-2.7.4.jar;C:\Users\OK\.m2\repository\org\springframework\boot\spring-boot-actuator\2.7.4\spring-boot-actuator-2.7.4.jar;C:\Users\OK\.m2\repository\io\micrometer\micrometer-core\1.9.4\micrometer-core-1.9.4.jar;C:\Users\OK\.m2\repository\org\hdrhistogram\HdrHistogram\2.1.12\HdrHistogram-2.1.12.jar;C:\Users\OK\.m2\repository\org\latencyutils\LatencyUtils\2.0.3\LatencyUtils-2.0.3.jar;C:\Users\OK\.m2\repository\org\springframework\boot\spring-boot-starter-freemarker\2.7.4\spring-boot-starter-freemarker-2.7.4.jar;C:\Users\OK\.m2\repository\org\freemarker\freemarker\2.3.31\freemarker-2.3.31.jar;C:\Users\OK\.m2\repository\org\springframework\spring-context-support\5.3.23\spring-context-support-5.3.23.jar;C:\Users\OK\.m2\repository\org\springframework\cloud\spring-cloud-netflix-eureka-client\3.1.4\spring-cloud-netflix-eureka-client-3.1.4.jar;C:\Users\OK\.m2\repository\com\netflix\eureka\eureka-client\1.10.17\eureka-client-1.10.17.jar;C:\Users\OK\.m2\repository\com\netflix\netflix-commons\netflix-eventbus\0.3.0\netflix-eventbus-0.3.0.jar;C:\Users\OK\.m2\repository\com\netflix\netflix-commons\netflix-infix\0.3.0\netflix-infix-0.3.0.jar;C:\Users\OK\.m2\repository\commons-jxpath\commons-jxpath\1.3\commons-jxpath-1.3.jar;C:\Users\OK\.m2\repository\joda-time\joda-time\2.3\joda-time-2.3.jar;C:\Users\OK\.m2\repository\org\antlr\antlr-runtime\3.4\antlr-runtime-3.4.jar;C:\Users\OK\.m2\repository\org\antlr\stringtemplate\3.2.1\stringtemplate-3.2.1.jar;C:\Users\OK\.m2\repository\com\google\code\gson\gson\2.9.1\gson-2.9.1.jar;C:\Users\OK\.m2\repository\org\apache\commons\commons-math\2.2\commons-math-2.2.jar;C:\Users\OK\.m2\repository\com\thoughtworks\xstream\xstream\1.4.18\xstream-1.4.18.jar;C:\Users\OK\.m2\repository\io\github\x-stream\mxparser\1.2.2\mxparser-1.2.2.jar;C:\Users\OK\.m2\repository\xmlpull\xmlpull\1.1.3.1\xmlpull-1.1.3.1.jar;C:\Users\OK\.m2\repository\javax\ws\rs\jsr311-api\1.1.1\jsr311-api-1.1.1.jar;C:\Users\OK\.m2\repository\com\netflix\servo\servo-core\0.12.21\servo-core-0.12.21.jar;C:\Users\OK\.m2\repository\com\google\guava\guava\19.0\guava-19.0.jar;C:\Users\OK\.m2\repository\com\sun\jersey\jersey-core\1.19.1\jersey-core-1.19.1.jar;C:\Users\OK\.m2\repository\com\sun\jersey\contribs\jersey-apache-client4\1.19.1\jersey-apache-client4-1.19.1.jar;C:\Users\OK\.m2\repository\org\apache\httpcomponents\httpclient\4.5.13\httpclient-4.5.13.jar;C:\Users\OK\.m2\repository\org\apache\httpcomponents\httpcore\4.4.15\httpcore-4.4.15.jar;C:\Users\OK\.m2\repository\commons-codec\commons-codec\1.15\commons-codec-1.15.jar;C:\Users\OK\.m2\repository\commons-configuration\commons-configuration\1.10\commons-configuration-1.10.jar;C:\Users\OK\.m2\repository\commons-lang\commons-lang\2.6\commons-lang-2.6.jar;C:\Users\OK\.m2\repository\com\google\inject\guice\4.1.0\guice-4.1.0.jar;C:\Users\OK\.m2\repository\org\codehaus\jettison\jettison\1.4.0\jettison-1.4.0.jar;C:\Users\OK\.m2\repository\com\sun\jersey\jersey-servlet\1.19.4\jersey-servlet-1.19.4.jar;C:\Users\OK\.m2\repository\com\sun\jersey\jersey-server\1.19.4\jersey-server-1.19.4.jar;C:\Users\OK\.m2\repository\com\sun\jersey\jersey-client\1.19.4\jersey-client-1.19.4.jar;C:\Users\OK\.m2\repository\com\netflix\eureka\eureka-core\1.10.17\eureka-core-1.10.17.jar;C:\Users\OK\.m2\repository\com\fasterxml\woodstox\woodstox-core\6.2.1\woodstox-core-6.2.1.jar;C:\Users\OK\.m2\repository\javax\inject\javax.inject\1\javax.inject-1.jar;C:\Users\OK\.m2\repository\com\fasterxml\jackson\dataformat\jackson-dataformat-xml\2.13.4\jackson-dataformat-xml-2.13.4.jar;C:\Users\OK\.m2\repository\org\codehaus\woodstox\stax2-api\4.2.1\stax2-api-4.2.1.jar;C:\Users\OK\.m2\repository\org\springframework\cloud\spring-cloud-starter-loadbalancer\3.1.4\spring-cloud-starter-loadbalancer-3.1.4.jar;C:\Users\OK\.m2\repository\org\springframework\cloud\spring-cloud-loadbalancer\3.1.4\spring-cloud-loadbalancer-3.1.4.jar;C:\Users\OK\.m2\repository\io\projectreactor\reactor-core\3.4.23\reactor-core-3.4.23.jar;C:\Users\OK\.m2\repository\org\reactivestreams\reactive-streams\1.0.4\reactive-streams-1.0.4.jar;C:\Users\OK\.m2\repository\io\projectreactor\addons\reactor-extra\3.4.8\reactor-extra-3.4.8.jar;C:\Users\OK\.m2\repository\org\springframework\boot\spring-boot-starter-cache\2.7.4\spring-boot-starter-cache-2.7.4.jar;C:\Users\OK\.m2\repository\com\stoyanr\evictor\1.0.0\evictor-1.0.0.jar;C:\Users\OK\.m2\repository\org\glassfish\jaxb\jaxb-runtime\2.3.6\jaxb-runtime-2.3.6.jar;C:\Users\OK\.m2\repository\org\glassfish\jaxb\txw2\2.3.6\txw2-2.3.6.jar;C:\Users\OK\.m2\repository\com\sun\istack\istack-commons-runtime\3.0.12\istack-commons-runtime-3.0.12.jar;C:\Users\OK\.m2\repository\com\sun\activation\jakarta.activation\1.2.2\jakarta.activation-1.2.2.jar;C:\Users\OK\.m2\repository\jakarta\xml\bind\jakarta.xml.bind-api\2.3.3\jakarta.xml.bind-api-2.3.3.jar;C:\Users\OK\.m2\repository\jakarta\activation\jakarta.activation-api\1.2.2\jakarta.activation-api-1.2.2.jar;C:\Users\OK\.m2\repository\org\springframework\spring-core\5.3.23\spring-core-5.3.23.jar;C:\Users\OK\.m2\repository\org\springframework\spring-jcl\5.3.23\spring-jcl-5.3.23.jar;C:\Users\OK\.m2\repository\org\projectlombok\lombok\1.18.30\lombok-1.18.30.jar
Launcher Type: SUN_STANDARD

[Global flags]
     intx CICompilerCount                          = 4                                         {product} {ergonomic}
     uint ConcGCThreads                            = 2                                         {product} {ergonomic}
     uint G1ConcRefinementThreads                  = 8                                         {product} {ergonomic}
   size_t G1HeapRegionSize                         = 1048576                                   {product} {ergonomic}
    uintx GCDrainStackTargetSize                   = 64                                        {product} {ergonomic}
   size_t InitialHeapSize                          = 130023424                                 {product} {ergonomic}
     bool ManagementServer                         = true                                      {product} {command line}
   size_t MarkStackSize                            = 4194304                                   {product} {ergonomic}
   size_t MaxHeapSize                              = 2076180480                                {product} {ergonomic}
   size_t MaxNewSize                               = 1245708288                                {product} {ergonomic}
   size_t MinHeapDeltaBytes                        = 1048576                                   {product} {ergonomic}
   size_t MinHeapSize                              = 8388608                                   {product} {ergonomic}
    uintx NonProfiledCodeHeapSize                  = 0                                      {pd product} {ergonomic}
     bool ProfileInterpreter                       = false                                  {pd product} {command line}
    uintx ProfiledCodeHeapSize                     = 0                                      {pd product} {ergonomic}
   size_t SoftMaxHeapSize                          = 2076180480                             {manageable} {ergonomic}
     intx TieredStopAtLevel                        = 1                                         {product} {command line}
     bool UseCompressedClassPointers               = true                           {product lp64_product} {ergonomic}
     bool UseCompressedOops                        = true                           {product lp64_product} {ergonomic}
     bool UseG1GC                                  = true                                      {product} {ergonomic}
     bool UseLargePagesIndividualAllocation        = false                                  {pd product} {ergonomic}

Logging:
Log output configuration:
 #0: stdout all=warning uptime,level,tags foldmultilines=false
 #1: stderr all=off uptime,level,tags foldmultilines=false

Environment Variables:
JAVA_HOME=C:\Program Files\Java\jdk1.8.0_181
PATH=C:\Program Files (x86)\Common Files\Oracle\Java\javapath;C:\Program Files\Common Files\Oracle\Java\javapath;C:\WINDOWS\system32;C:\WINDOWS;C:\WINDOWS\System32\Wbem;C:\WINDOWS\System32\WindowsPowerShell\v1.0\;C:\WINDOWS\System32\OpenSSH\;C:\Program Files\nodejs\;C:\ProgramData\chocolatey\bin;C:\Program Files\dotnet\;C:\Program Files\Git\cmd;C:\Program Files\Docker\Docker\resources\bin;C:\Program Files\MySQL\MySQL Shell 8.0\bin\;C:\Users\OK\AppData\Local\Microsoft\WindowsApps;C:\Users\OK\AppData\Local\Programs\Microsoft VS Code\bin;C:\Users\OK\AppData\Roaming\npm;C:\Program Files\Java\jdk1.8.0_181;C:\Users\OK\Downloads\Compressed\flutter_windows_3.10.5-stable\flutter\bin;C:\Program Files\Java\jdk1.8.0_181\bin;C:\Users\OK\AppData\Local\GitHubDesktop\bin
USERNAME=OK
OS=Windows_NT
PROCESSOR_IDENTIFIER=Intel64 Family 6 Model 140 Stepping 1, GenuineIntel
TMP=C:\Users\OK\AppData\Local\Temp
TEMP=C:\Users\OK\AppData\Local\Temp



---------------  S Y S T E M  ---------------

OS:
 Windows 11 , 64 bit Build 22621 (10.0.22621.2506)
OS uptime: 1 days 1:10 hours

CPU: total 8 (initial active 8) (4 cores per cpu, 2 threads per core) family 6 model 140 stepping 1 microcode 0xb4, cx8, cmov, fxsr, ht, mmx, 3dnowpref, sse, sse2, sse3, ssse3, sse4.1, sse4.2, popcnt, lzcnt, tsc, tscinvbit, avx, avx2, aes, erms, clmul, bmi1, bmi2, adx, avx512f, avx512dq, avx512cd, avx512bw, avx512vl, sha, fma, vzeroupper, avx512_vpopcntdq, avx512_vpclmulqdq, avx512_vaes, avx512_vnni, clflush, clflushopt, clwb, avx512_vbmi2, avx512_vbmi, rdtscp, rdpid, fsrm, gfni, avx512_bitalg

Memory: 4k page, system-wide physical 7918M (361M free)
TotalPageFile size 17474M (AvailPageFile size 3M)
current process WorkingSet (physical memory assigned to process): 115M, peak: 328M
current process commit charge ("private bytes"): 371M, peak: 376M

vm_info: Java HotSpot(TM) 64-Bit Server VM (19.0.2+7-44) for windows-amd64 JRE (19.0.2+7-44), built on 2022-11-30T18:02:09Z by "mach5one" with MS VC++ 17.1 (VS2022)

END.
